2020-12-08 15:12:40,590 : ERROR : main :  : WindowsDefenderExceptionHandler :  :  : PowerShell command powershell -inputformat none -outputformat text -NonInteractive -Command Get-MpComputerStatus -ErrorAction Stop | select -ExpandProperty AMServiceEnabled did not terminate successfully.
2020-12-08 15:12:40,590 : ERROR : main :  : WindowsDefenderExceptionHandler :  :  : Stderr is:
2020-12-08 15:12:40,590 : ERROR : main :  : WindowsDefenderExceptionHandler :  :  : Get-MpComputerStatus : Operation failed with the following error: 0x800106ba
2020-12-08 15:12:40,590 : ERROR : main :  : WindowsDefenderExceptionHandler :  :  : At line:1 char:1
2020-12-08 15:12:40,590 : ERROR : main :  : WindowsDefenderExceptionHandler :  :  : + Get-MpComputerStatus -ErrorAction Stop | select -ExpandProperty AMSer ...
2020-12-08 15:12:40,590 : ERROR : main :  : WindowsDefenderExceptionHandler :  :  : + ~~~~~~~~~~~~~~~~~~~~~~~~~~~~~~~~~~~~~~
2020-12-08 15:12:40,590 : ERROR : main :  : WindowsDefenderExceptionHandler :  :  :     + CategoryInfo          : NotSpecified: (MSFT_MpComputerStatus:ROOT\Microsoft\...pComputerStatus) [Get-MpComputerS 
2020-12-08 15:12:40,590 : ERROR : main :  : WindowsDefenderExceptionHandler :  :  :    tatus], CimException
2020-12-08 15:12:40,590 : ERROR : main :  : WindowsDefenderExceptionHandler :  :  :     + FullyQualifiedErrorId : HRESULT 0x800106ba,Get-MpComputerStatus
2020-12-08 15:12:40,590 : ERROR : main :  : WindowsDefenderExceptionHandler :  :  :  
2020-12-08 15:13:20,571 : WARN  : Worker-4: Downloading statistics for node recommendations. :  : WorkflowCoachView :  :  : Could not update node recommendations statistics.
java.io.IOException: Downloaded file doesn't contain node recommendation data.
	at org.knime.workbench.workflowcoach.data.AbstractFileDownloadTripleProvider.checkDownloadedFile(AbstractFileDownloadTripleProvider.java:190)
	at org.knime.workbench.workflowcoach.data.AbstractFileDownloadTripleProvider.update(AbstractFileDownloadTripleProvider.java:169)
	at org.knime.workbench.workflowcoach.prefs.UpdateJob.run(UpdateJob.java:132)
	at org.eclipse.core.internal.jobs.Worker.run(Worker.java:63)
2020-12-08 15:14:21,091 : WARN  : ModalContext :  : Node : MySQL Connector : 0:4 : DB Connection no longer available. Go to advanced settings to enable connection restoration.
2020-12-08 15:14:23,356 : WARN  : ModalContext :  : WorkflowManager :  :  : Workflow contains nodes with duplicate parameter name (will be made unique by appending node IDs): "y-selection", "string-input", "x-selection", "color-selection"
2020-12-08 15:14:23,370 : WARN  : ModalContext :  : WorkflowManager :  :  : Workflow contains nodes with duplicate parameter name (will be made unique by appending node IDs): "json-output"
2020-12-08 15:59:33,365 : ERROR : main :  : WindowsDefenderExceptionHandler :  :  : PowerShell command powershell -inputformat none -outputformat text -NonInteractive -Command Get-MpComputerStatus -ErrorAction Stop | select -ExpandProperty AMServiceEnabled did not terminate successfully.
2020-12-08 15:59:33,373 : ERROR : main :  : WindowsDefenderExceptionHandler :  :  : Stderr is:
2020-12-08 15:59:33,373 : ERROR : main :  : WindowsDefenderExceptionHandler :  :  : Get-MpComputerStatus : Operation failed with the following error: 0x800106ba
2020-12-08 15:59:33,373 : ERROR : main :  : WindowsDefenderExceptionHandler :  :  : At line:1 char:1
2020-12-08 15:59:33,373 : ERROR : main :  : WindowsDefenderExceptionHandler :  :  : + Get-MpComputerStatus -ErrorAction Stop | select -ExpandProperty AMSer ...
2020-12-08 15:59:33,373 : ERROR : main :  : WindowsDefenderExceptionHandler :  :  : + ~~~~~~~~~~~~~~~~~~~~~~~~~~~~~~~~~~~~~~
2020-12-08 15:59:33,373 : ERROR : main :  : WindowsDefenderExceptionHandler :  :  :     + CategoryInfo          : NotSpecified: (MSFT_MpComputerStatus:ROOT\Microsoft\...pComputerStatus) [Get-MpComputerS 
2020-12-08 15:59:33,373 : ERROR : main :  : WindowsDefenderExceptionHandler :  :  :    tatus], CimException
2020-12-08 15:59:33,373 : ERROR : main :  : WindowsDefenderExceptionHandler :  :  :     + FullyQualifiedErrorId : HRESULT 0x800106ba,Get-MpComputerStatus
2020-12-08 15:59:33,373 : ERROR : main :  : WindowsDefenderExceptionHandler :  :  :  
2020-12-08 15:59:56,621 : WARN  : ModalContext :  : Node : MySQL Connector : 0:4 : DB Connection no longer available. Go to advanced settings to enable connection restoration.
2020-12-08 15:59:58,187 : WARN  : ModalContext :  : WorkflowManager :  :  : Workflow contains nodes with duplicate parameter name (will be made unique by appending node IDs): "json-output"
2020-12-11 13:19:16,713 : ERROR : main :  : WindowsDefenderExceptionHandler :  :  : PowerShell command powershell -inputformat none -outputformat text -NonInteractive -Command Get-MpComputerStatus -ErrorAction Stop | select -ExpandProperty AMServiceEnabled did not terminate successfully.
2020-12-11 13:19:16,713 : ERROR : main :  : WindowsDefenderExceptionHandler :  :  : Stderr is:
2020-12-11 13:19:16,713 : ERROR : main :  : WindowsDefenderExceptionHandler :  :  : Get-MpComputerStatus : Operation failed with the following error: 0x800106ba
2020-12-11 13:19:16,713 : ERROR : main :  : WindowsDefenderExceptionHandler :  :  : At line:1 char:1
2020-12-11 13:19:16,713 : ERROR : main :  : WindowsDefenderExceptionHandler :  :  : + Get-MpComputerStatus -ErrorAction Stop | select -ExpandProperty AMSer ...
2020-12-11 13:19:16,713 : ERROR : main :  : WindowsDefenderExceptionHandler :  :  : + ~~~~~~~~~~~~~~~~~~~~~~~~~~~~~~~~~~~~~~
2020-12-11 13:19:16,713 : ERROR : main :  : WindowsDefenderExceptionHandler :  :  :     + CategoryInfo          : NotSpecified: (MSFT_MpComputerStatus:ROOT\Microsoft\...pComputerStatus) [Get-MpComputerS 
2020-12-11 13:19:16,713 : ERROR : main :  : WindowsDefenderExceptionHandler :  :  :    tatus], CimException
2020-12-11 13:19:16,713 : ERROR : main :  : WindowsDefenderExceptionHandler :  :  :     + FullyQualifiedErrorId : HRESULT 0x800106ba,Get-MpComputerStatus
2020-12-11 13:19:16,713 : ERROR : main :  : WindowsDefenderExceptionHandler :  :  :  
2020-12-11 13:20:52,331 : WARN  : ModalContext :  : Node : MySQL Connector : 0:4 : DB Connection no longer available. Go to advanced settings to enable connection restoration.
2020-12-11 13:20:53,189 : WARN  : ModalContext :  : WorkflowManager :  :  : Workflow contains nodes with duplicate parameter name (will be made unique by appending node IDs): "json-output"
2020-12-11 13:21:21,981 : WARN  : KNIME-Worker-5-DB Query Reader 0:5 :  : Node : GroupBy : 0:153 : No aggregation column defined
2020-12-11 13:21:21,983 : WARN  : KNIME-Worker-5-DB Query Reader 0:5 :  : Node : GroupBy : 0:153 : No aggregation column defined
2020-12-11 13:21:21,987 : WARN  : KNIME-Worker-5-DB Query Reader 0:5 :  : Node : GroupBy : 0:157 : No aggregation column defined
2020-12-11 13:21:21,987 : WARN  : KNIME-Worker-5-DB Query Reader 0:5 :  : Node : GroupBy : 0:157 : No aggregation column defined
2020-12-11 13:21:22,514 : WARN  : KNIME-Worker-5-Math Formula 0:150 :  : Node : GroupBy : 0:153 : No aggregation column defined
2020-12-11 13:21:22,515 : WARN  : KNIME-Worker-5-Math Formula 0:150 :  : Node : GroupBy : 0:153 : No aggregation column defined
2020-12-11 13:21:22,522 : WARN  : KNIME-Worker-8-Math Formula 0:152 :  : Node : GroupBy : 0:157 : No aggregation column defined
2020-12-11 13:21:22,523 : WARN  : KNIME-Worker-8-Math Formula 0:152 :  : Node : GroupBy : 0:157 : No aggregation column defined
2020-12-11 13:21:25,794 : WARN  : KNIME-Worker-8-GET Request 0:212 :  : Node : Container Output (JSON) : 0:224 : Selected column 'rest_countries_api_response' does not exist
2020-12-11 13:21:25,803 : WARN  : KNIME-Worker-8-GET Request 0:212 :  : Node : End IF : 0:222 : The structures of both active input data tables are not compatible.
2020-12-11 13:21:26,267 : WARN  : KNIME-Worker-7-JSON Path 0:215 :  : Node : Container Output (JSON) : 0:224 : Selected column 'rest_countries_api_response' does not exist
2020-12-11 13:21:26,318 : WARN  : KNIME-Worker-4-Ungroup 0:214 :  : Node : End IF : 0:222 : The structures of both active input data tables are not compatible.
2020-12-11 13:21:29,219 : WARN  : KNIME-Worker-3-GET Request 0:212 :  : Node : Container Output (JSON) : 0:224 : Selected column 'rest_countries_api_response' does not exist
2020-12-11 13:21:29,224 : WARN  : KNIME-Worker-3-GET Request 0:212 :  : Node : End IF : 0:222 : The structures of both active input data tables are not compatible.
2020-12-11 13:21:29,561 : WARN  : KNIME-Worker-7-JSON Path 0:215 :  : Node : Container Output (JSON) : 0:224 : Selected column 'rest_countries_api_response' does not exist
2020-12-11 13:21:29,596 : WARN  : KNIME-Worker-4-Ungroup 0:214 :  : Node : End IF : 0:222 : The structures of both active input data tables are not compatible.
2020-12-11 13:21:32,948 : WARN  : KNIME-Worker-3-GET Request 0:212 :  : Node : Container Output (JSON) : 0:224 : Selected column 'rest_countries_api_response' does not exist
2020-12-11 13:21:32,955 : WARN  : KNIME-Worker-3-GET Request 0:212 :  : Node : End IF : 0:222 : The structures of both active input data tables are not compatible.
2020-12-11 13:21:33,214 : WARN  : KNIME-Worker-4-JSON Path 0:215 :  : Node : Container Output (JSON) : 0:224 : Selected column 'rest_countries_api_response' does not exist
2020-12-11 13:21:33,240 : WARN  : KNIME-Worker-8-Ungroup 0:214 :  : Node : End IF : 0:222 : The structures of both active input data tables are not compatible.
2020-12-11 13:21:36,689 : WARN  : KNIME-Worker-7-GET Request 0:212 :  : Node : Container Output (JSON) : 0:224 : Selected column 'rest_countries_api_response' does not exist
2020-12-11 13:21:36,696 : WARN  : KNIME-Worker-7-GET Request 0:212 :  : Node : End IF : 0:222 : The structures of both active input data tables are not compatible.
2020-12-11 13:21:36,870 : WARN  : KNIME-Worker-5-JSON Path 0:215 :  : Node : Container Output (JSON) : 0:224 : Selected column 'rest_countries_api_response' does not exist
2020-12-11 13:21:36,889 : WARN  : KNIME-Worker-3-Ungroup 0:214 :  : Node : End IF : 0:222 : The structures of both active input data tables are not compatible.
2020-12-11 13:21:41,664 : WARN  : KNIME-Worker-7-GET Request 0:212 :  : Node : Container Output (JSON) : 0:224 : Selected column 'rest_countries_api_response' does not exist
2020-12-11 13:21:41,668 : WARN  : KNIME-Worker-7-GET Request 0:212 :  : Node : End IF : 0:222 : The structures of both active input data tables are not compatible.
2020-12-11 13:21:41,860 : WARN  : KNIME-Worker-3-JSON Path 0:215 :  : Node : Container Output (JSON) : 0:224 : Selected column 'rest_countries_api_response' does not exist
2020-12-11 13:21:41,886 : WARN  : KNIME-Worker-4-Ungroup 0:214 :  : Node : End IF : 0:222 : The structures of both active input data tables are not compatible.
2020-12-11 13:21:46,371 : WARN  : KNIME-Worker-8-GET Request 0:212 :  : Node : Container Output (JSON) : 0:224 : Selected column 'rest_countries_api_response' does not exist
2020-12-11 13:21:46,376 : WARN  : KNIME-Worker-8-GET Request 0:212 :  : Node : End IF : 0:222 : The structures of both active input data tables are not compatible.
2020-12-11 13:21:46,683 : WARN  : KNIME-Worker-5-JSON Path 0:215 :  : Node : Container Output (JSON) : 0:224 : Selected column 'rest_countries_api_response' does not exist
2020-12-11 13:21:46,708 : WARN  : KNIME-Worker-12-Ungroup 0:214 :  : Node : End IF : 0:222 : The structures of both active input data tables are not compatible.
2020-12-11 13:21:49,985 : WARN  : KNIME-Worker-11-GET Request 0:212 :  : Node : Container Output (JSON) : 0:224 : Selected column 'rest_countries_api_response' does not exist
2020-12-11 13:21:49,988 : WARN  : KNIME-Worker-11-GET Request 0:212 :  : Node : End IF : 0:222 : The structures of both active input data tables are not compatible.
2020-12-11 13:21:50,216 : WARN  : KNIME-Worker-3-JSON Path 0:215 :  : Node : Container Output (JSON) : 0:224 : Selected column 'rest_countries_api_response' does not exist
2020-12-11 13:21:50,233 : WARN  : KNIME-Worker-10-Ungroup 0:214 :  : Node : End IF : 0:222 : The structures of both active input data tables are not compatible.
2020-12-11 13:21:53,156 : WARN  : KNIME-Worker-12-GET Request 0:212 :  : Node : Container Output (JSON) : 0:224 : Selected column 'rest_countries_api_response' does not exist
2020-12-11 13:21:53,161 : WARN  : KNIME-Worker-12-GET Request 0:212 :  : Node : End IF : 0:222 : The structures of both active input data tables are not compatible.
2020-12-11 13:21:53,317 : WARN  : KNIME-Worker-17-JSON Path 0:215 :  : Node : Container Output (JSON) : 0:224 : Selected column 'rest_countries_api_response' does not exist
2020-12-11 13:21:53,333 : WARN  : KNIME-Worker-13-Ungroup 0:214 :  : Node : End IF : 0:222 : The structures of both active input data tables are not compatible.
2020-12-11 13:21:56,665 : WARN  : KNIME-Worker-10-GET Request 0:212 :  : Node : Container Output (JSON) : 0:224 : Selected column 'rest_countries_api_response' does not exist
2020-12-11 13:21:56,667 : WARN  : KNIME-Worker-10-GET Request 0:212 :  : Node : End IF : 0:222 : The structures of both active input data tables are not compatible.
2020-12-11 13:21:56,880 : WARN  : KNIME-Worker-14-JSON Path 0:215 :  : Node : Container Output (JSON) : 0:224 : Selected column 'rest_countries_api_response' does not exist
2020-12-11 13:21:56,895 : WARN  : KNIME-Worker-15-Ungroup 0:214 :  : Node : End IF : 0:222 : The structures of both active input data tables are not compatible.
2020-12-11 13:21:56,943 : WARN  : KNIME-Worker-8-Loop End (Column Append) 0:217 :  : Node : CSV Writer : 0:295 : Directory 'C:\Users\Dominik\OneDrive - Central European University\1st_trimester\DE2\DE2_Term_Project\data\output' of output file does not exist
2020-12-11 13:21:56,951 : WARN  : KNIME-Worker-8-Loop End (Column Append) 0:217 :  : Node : Histogram (local) : 0:256 : 5 columns without a valid domain will be ignored. In order to calculate the domain use the Nominal Values or Domain Calculator node.
2020-12-11 13:21:56,963 : WARN  : KNIME-Worker-8-Loop End (Column Append) 0:217 :  : Node : Image Writer (Port) : 0:286 : Directory 'C:\Users\mbrae\OneDrive\Bureau\CEU\DE2\graphs' of output file does not exist
2020-12-11 13:21:56,964 : WARN  : KNIME-Worker-8-Loop End (Column Append) 0:217 :  : Node : Image Writer (Port) : 0:287 : Directory 'C:\Users\mbrae\OneDrive\Bureau\CEU\DE2\graphs' of output file does not exist
2020-12-11 13:21:56,967 : WARN  : KNIME-Worker-8-Loop End (Column Append) 0:217 :  : Node : Image Writer (Port) : 0:290 : Directory 'C:\Users\mbrae\OneDrive\Bureau\CEU\DE2\graphs' of output file does not exist
2020-12-11 13:21:56,968 : WARN  : KNIME-Worker-8-Loop End (Column Append) 0:217 :  : Node : Image Writer (Port) : 0:276 : Directory 'C:\Users\mbrae\OneDrive\Bureau\CEU\DE2\graphs' of output file does not exist
2020-12-11 13:21:56,969 : WARN  : KNIME-Worker-8-Loop End (Column Append) 0:217 :  : Node : Image Writer (Port) : 0:291 : Directory 'C:\Users\mbrae\OneDrive\Bureau\CEU\DE2\graphs' of output file does not exist
2020-12-11 13:21:56,970 : WARN  : KNIME-Worker-8-Loop End (Column Append) 0:217 :  : Node : Image Writer (Port) : 0:282 : Directory 'C:\Users\mbrae\OneDrive\Bureau\CEU\DE2\graphs' of output file does not exist
2020-12-11 13:21:56,972 : WARN  : KNIME-Worker-8-Loop End (Column Append) 0:217 :  : Node : Image Writer (Port) : 0:277 : Directory 'C:\Users\mbrae\OneDrive\Bureau\CEU\DE2\graphs' of output file does not exist
2020-12-11 13:21:56,974 : WARN  : KNIME-Worker-8-Loop End (Column Append) 0:217 :  : Node : Image Writer (Port) : 0:283 : Directory 'C:\Users\mbrae\OneDrive\Bureau\CEU\DE2\graphs' of output file does not exist
2020-12-11 13:21:57,415 : WARN  : KNIME-Worker-12-Row Filter (Labs) 0:245 :  : Node : Histogram (local) : 0:256 : 5 columns without a valid domain will be ignored. In order to calculate the domain use the Nominal Values or Domain Calculator node.
2020-12-11 13:21:57,498 : WARN  : KNIME-Worker-14-GroupBy 0:244 :  : Node : Image Writer (Port) : 0:290 : Directory 'C:\Users\mbrae\OneDrive\Bureau\CEU\DE2\graphs' of output file does not exist
2020-12-11 13:21:57,500 : WARN  : KNIME-Worker-14-GroupBy 0:244 :  : Node : Image Writer (Port) : 0:276 : Directory 'C:\Users\mbrae\OneDrive\Bureau\CEU\DE2\graphs' of output file does not exist
2020-12-11 13:21:57,502 : WARN  : KNIME-Worker-14-GroupBy 0:244 :  : Node : Image Writer (Port) : 0:291 : Directory 'C:\Users\mbrae\OneDrive\Bureau\CEU\DE2\graphs' of output file does not exist
2020-12-11 13:21:57,510 : WARN  : KNIME-Worker-14-GroupBy 0:244 :  : Node : Image Writer (Port) : 0:282 : Directory 'C:\Users\mbrae\OneDrive\Bureau\CEU\DE2\graphs' of output file does not exist
2020-12-11 13:21:57,514 : WARN  : KNIME-Worker-14-GroupBy 0:244 :  : Node : Image Writer (Port) : 0:277 : Directory 'C:\Users\mbrae\OneDrive\Bureau\CEU\DE2\graphs' of output file does not exist
2020-12-11 13:21:57,515 : WARN  : KNIME-Worker-14-GroupBy 0:244 :  : Node : Image Writer (Port) : 0:283 : Directory 'C:\Users\mbrae\OneDrive\Bureau\CEU\DE2\graphs' of output file does not exist
2020-12-11 13:21:57,546 : WARN  : KNIME-Worker-10-Math Formula (Multi Column) 0:263 :  : Node : Image Writer (Port) : 0:277 : Directory 'C:\Users\mbrae\OneDrive\Bureau\CEU\DE2\graphs' of output file does not exist
2020-12-11 13:21:57,607 : WARN  : KNIME-Worker-15-Scatter Plot 0:264 :  : Node : Scatter Plot : 0:264 : Table contains missing or unsupported values - these values will be omitted.
2020-12-11 13:21:57,708 : WARN  : KNIME-Worker-16-Scatter Plot 0:278 :  : Node : Image Writer (Port) : 0:283 : Directory 'C:\Users\mbrae\OneDrive\Bureau\CEU\DE2\graphs' of output file does not exist
2020-12-11 13:21:57,735 : WARN  : KNIME-Worker-5-Scatter Plot 0:294 :  : Node : Scatter Plot : 0:294 : Table contains missing or unsupported values - these values will be omitted.
2020-12-11 13:21:57,744 : WARN  : KNIME-Worker-9-Math Formula (Multi Column) 0:279 :  : Node : Image Writer (Port) : 0:283 : Directory 'C:\Users\mbrae\OneDrive\Bureau\CEU\DE2\graphs' of output file does not exist
2020-12-11 13:21:57,772 : WARN  : KNIME-Worker-12-Scatter Plot 0:285 :  : Node : Scatter Plot : 0:285 : Table contains missing or unsupported values - these values will be omitted.
2020-12-11 13:22:19,749 : WARN  : KNIME-Worker-3-Scatter Plot 0:250 :  : Node : Image Writer (Port) : 0:290 : Directory 'C:\Users\mbrae\OneDrive\Bureau\CEU\DE2\graphs' of output file does not exist
2020-12-11 13:22:20,284 : WARN  : KNIME-Worker-11-Bar Chart 0:267 :  : Node : Image Writer (Port) : 0:287 : Directory 'C:\Users\mbrae\OneDrive\Bureau\CEU\DE2\graphs' of output file does not exist
2020-12-11 13:22:20,480 : WARN  : KNIME-Worker-8-Bar Chart 0:270 :  : Node : Image Writer (Port) : 0:286 : Directory 'C:\Users\mbrae\OneDrive\Bureau\CEU\DE2\graphs' of output file does not exist
2020-12-11 13:23:14,425 : ERROR : KNIME-Worker-13-Scatter Plot 0:284 :  : AbstractImageWizardNodeModel : Scatter Plot : 0:284 : Initializing view failed: timeout: Timed out receiving message from renderer: 60.000
  (Session info: headless chrome=83.0.4103.116)
Build info: version: 'unknown', revision: 'unknown', time: 'unknown'
System info: host: 'LAPTOP-1N95IF7B', ip: '192.168.1.8', os.name: 'Windows 10', os.arch: 'amd64', os.version: '10.0', java.version: '1.8.0_252'
Driver info: org.openqa.selenium.chrome.ChromeDriver
Capabilities {acceptInsecureCerts: false, browserName: chrome, browserVersion: 83.0.4103.116, chrome: {chromedriverVersion: 83.0.4103.39 (ccbf011cb2d2b..., userDataDir: C:\Users\mbrae\AppData\Loca...}, goog:chromeOptions: {debuggerAddress: localhost:60538}, javascriptEnabled: true, networkConnectionEnabled: false, pageLoadStrategy: normal, platform: WINDOWS, platformName: WINDOWS, proxy: Proxy(), setWindowRect: true, strictFileInteractability: false, timeouts: {implicit: 0, pageLoad: 300000, script: 30000}, unhandledPromptBehavior: dismiss, webauthn:virtualAuthenticators: true}
Session ID: 984f169b6cfa9ae29fc8cb9f72d8ef60
org.openqa.selenium.TimeoutException: timeout: Timed out receiving message from renderer: 60.000
  (Session info: headless chrome=83.0.4103.116)
Build info: version: 'unknown', revision: 'unknown', time: 'unknown'
System info: host: 'LAPTOP-1N95IF7B', ip: '192.168.1.8', os.name: 'Windows 10', os.arch: 'amd64', os.version: '10.0', java.version: '1.8.0_252'
Driver info: org.openqa.selenium.chrome.ChromeDriver
Capabilities {acceptInsecureCerts: false, browserName: chrome, browserVersion: 83.0.4103.116, chrome: {chromedriverVersion: 83.0.4103.39 (ccbf011cb2d2b..., userDataDir: C:\Users\mbrae\AppData\Loca...}, goog:chromeOptions: {debuggerAddress: localhost:60538}, javascriptEnabled: true, networkConnectionEnabled: false, pageLoadStrategy: normal, platform: WINDOWS, platformName: WINDOWS, proxy: Proxy(), setWindowRect: true, strictFileInteractability: false, timeouts: {implicit: 0, pageLoad: 300000, script: 30000}, unhandledPromptBehavior: dismiss, webauthn:virtualAuthenticators: true}
Session ID: 984f169b6cfa9ae29fc8cb9f72d8ef60
	at sun.reflect.NativeConstructorAccessorImpl.newInstance0(Native Method)
	at sun.reflect.NativeConstructorAccessorImpl.newInstance(NativeConstructorAccessorImpl.java:62)
	at sun.reflect.DelegatingConstructorAccessorImpl.newInstance(DelegatingConstructorAccessorImpl.java:45)
	at java.lang.reflect.Constructor.newInstance(Constructor.java:423)
	at org.openqa.selenium.remote.http.W3CHttpResponseCodec.createException(W3CHttpResponseCodec.java:187)
	at org.openqa.selenium.remote.http.W3CHttpResponseCodec.decode(W3CHttpResponseCodec.java:122)
	at org.openqa.selenium.remote.http.W3CHttpResponseCodec.decode(W3CHttpResponseCodec.java:49)
	at org.openqa.selenium.remote.HttpCommandExecutor.execute(HttpCommandExecutor.java:158)
	at org.openqa.selenium.remote.service.DriverCommandExecutor.execute(DriverCommandExecutor.java:83)
	at org.openqa.selenium.remote.RemoteWebDriver.execute(RemoteWebDriver.java:543)
	at org.openqa.selenium.remote.RemoteWebDriver$RemoteTargetLocator.frame(RemoteWebDriver.java:883)
	at org.knime.ext.seleniumdrivers.multios.ChromeImageGenerator.generateView(ChromeImageGenerator.java:250)
	at org.knime.js.core.node.AbstractImageWizardNodeModel.renderViewAndCreateImage(AbstractImageWizardNodeModel.java:148)
	at org.knime.js.core.node.AbstractImageWizardNodeModel.performExecute(AbstractImageWizardNodeModel.java:106)
	at org.knime.js.core.node.AbstractWizardNodeModel.execute(AbstractWizardNodeModel.java:136)
	at org.knime.core.node.NodeModel.executeModel(NodeModel.java:576)
	at org.knime.core.node.Node.invokeFullyNodeModelExecute(Node.java:1236)
	at org.knime.core.node.Node.execute(Node.java:1016)
	at org.knime.core.node.workflow.NativeNodeContainer.performExecuteNode(NativeNodeContainer.java:558)
	at org.knime.core.node.exec.LocalNodeExecutionJob.mainExecute(LocalNodeExecutionJob.java:95)
	at org.knime.core.node.workflow.NodeExecutionJob.internalRun(NodeExecutionJob.java:201)
	at org.knime.core.node.workflow.NodeExecutionJob.run(NodeExecutionJob.java:117)
	at org.knime.core.util.ThreadUtils$RunnableWithContextImpl.runWithContext(ThreadUtils.java:334)
	at org.knime.core.util.ThreadUtils$RunnableWithContext.run(ThreadUtils.java:210)
	at java.util.concurrent.Executors$RunnableAdapter.call(Executors.java:511)
	at java.util.concurrent.FutureTask.run(FutureTask.java:266)
	at org.knime.core.util.ThreadPool$MyFuture.run(ThreadPool.java:123)
	at org.knime.core.util.ThreadPool$Worker.run(ThreadPool.java:246)
2020-12-11 13:23:14,425 : ERROR : KNIME-Worker-7-Scatter Plot 0:254 :  : AbstractImageWizardNodeModel : Scatter Plot : 0:254 : Initializing view failed: timeout: Timed out receiving message from renderer: 60.000
  (Session info: headless chrome=83.0.4103.116)
Build info: version: 'unknown', revision: 'unknown', time: 'unknown'
System info: host: 'LAPTOP-1N95IF7B', ip: '192.168.1.8', os.name: 'Windows 10', os.arch: 'amd64', os.version: '10.0', java.version: '1.8.0_252'
Driver info: org.openqa.selenium.chrome.ChromeDriver
Capabilities {acceptInsecureCerts: false, browserName: chrome, browserVersion: 83.0.4103.116, chrome: {chromedriverVersion: 83.0.4103.39 (ccbf011cb2d2b..., userDataDir: C:\Users\mbrae\AppData\Loca...}, goog:chromeOptions: {debuggerAddress: localhost:60540}, javascriptEnabled: true, networkConnectionEnabled: false, pageLoadStrategy: normal, platform: WINDOWS, platformName: WINDOWS, proxy: Proxy(), setWindowRect: true, strictFileInteractability: false, timeouts: {implicit: 0, pageLoad: 300000, script: 30000}, unhandledPromptBehavior: dismiss, webauthn:virtualAuthenticators: true}
Session ID: 8cc5de855af21d28532412eddc211d78
org.openqa.selenium.TimeoutException: timeout: Timed out receiving message from renderer: 60.000
  (Session info: headless chrome=83.0.4103.116)
Build info: version: 'unknown', revision: 'unknown', time: 'unknown'
System info: host: 'LAPTOP-1N95IF7B', ip: '192.168.1.8', os.name: 'Windows 10', os.arch: 'amd64', os.version: '10.0', java.version: '1.8.0_252'
Driver info: org.openqa.selenium.chrome.ChromeDriver
Capabilities {acceptInsecureCerts: false, browserName: chrome, browserVersion: 83.0.4103.116, chrome: {chromedriverVersion: 83.0.4103.39 (ccbf011cb2d2b..., userDataDir: C:\Users\mbrae\AppData\Loca...}, goog:chromeOptions: {debuggerAddress: localhost:60540}, javascriptEnabled: true, networkConnectionEnabled: false, pageLoadStrategy: normal, platform: WINDOWS, platformName: WINDOWS, proxy: Proxy(), setWindowRect: true, strictFileInteractability: false, timeouts: {implicit: 0, pageLoad: 300000, script: 30000}, unhandledPromptBehavior: dismiss, webauthn:virtualAuthenticators: true}
Session ID: 8cc5de855af21d28532412eddc211d78
	at sun.reflect.NativeConstructorAccessorImpl.newInstance0(Native Method)
	at sun.reflect.NativeConstructorAccessorImpl.newInstance(NativeConstructorAccessorImpl.java:62)
	at sun.reflect.DelegatingConstructorAccessorImpl.newInstance(DelegatingConstructorAccessorImpl.java:45)
	at java.lang.reflect.Constructor.newInstance(Constructor.java:423)
	at org.openqa.selenium.remote.http.W3CHttpResponseCodec.createException(W3CHttpResponseCodec.java:187)
	at org.openqa.selenium.remote.http.W3CHttpResponseCodec.decode(W3CHttpResponseCodec.java:122)
	at org.openqa.selenium.remote.http.W3CHttpResponseCodec.decode(W3CHttpResponseCodec.java:49)
	at org.openqa.selenium.remote.HttpCommandExecutor.execute(HttpCommandExecutor.java:158)
	at org.openqa.selenium.remote.service.DriverCommandExecutor.execute(DriverCommandExecutor.java:83)
	at org.openqa.selenium.remote.RemoteWebDriver.execute(RemoteWebDriver.java:543)
	at org.openqa.selenium.remote.RemoteWebDriver$RemoteTargetLocator.frame(RemoteWebDriver.java:883)
	at org.knime.ext.seleniumdrivers.multios.ChromeImageGenerator.generateView(ChromeImageGenerator.java:250)
	at org.knime.js.core.node.AbstractImageWizardNodeModel.renderViewAndCreateImage(AbstractImageWizardNodeModel.java:148)
	at org.knime.js.core.node.AbstractImageWizardNodeModel.performExecute(AbstractImageWizardNodeModel.java:106)
	at org.knime.js.core.node.AbstractWizardNodeModel.execute(AbstractWizardNodeModel.java:136)
	at org.knime.core.node.NodeModel.executeModel(NodeModel.java:576)
	at org.knime.core.node.Node.invokeFullyNodeModelExecute(Node.java:1236)
	at org.knime.core.node.Node.execute(Node.java:1016)
	at org.knime.core.node.workflow.NativeNodeContainer.performExecuteNode(NativeNodeContainer.java:558)
	at org.knime.core.node.exec.LocalNodeExecutionJob.mainExecute(LocalNodeExecutionJob.java:95)
	at org.knime.core.node.workflow.NodeExecutionJob.internalRun(NodeExecutionJob.java:201)
	at org.knime.core.node.workflow.NodeExecutionJob.run(NodeExecutionJob.java:117)
	at org.knime.core.util.ThreadUtils$RunnableWithContextImpl.runWithContext(ThreadUtils.java:334)
	at org.knime.core.util.ThreadUtils$RunnableWithContext.run(ThreadUtils.java:210)
	at java.util.concurrent.Executors$RunnableAdapter.call(Executors.java:511)
	at java.util.concurrent.FutureTask.run(FutureTask.java:266)
	at org.knime.core.util.ThreadPool$MyFuture.run(ThreadPool.java:123)
	at org.knime.core.util.ThreadPool$Worker.run(ThreadPool.java:246)
2020-12-11 13:23:14,428 : ERROR : KNIME-Worker-13-Scatter Plot 0:284 :  : AbstractImageWizardNodeModel : Scatter Plot : 0:284 : Retrieving image from view failed: Error retrieving image: Chrome driver was not initialized. Could not retrieve image.
java.io.IOException: Error retrieving image: Chrome driver was not initialized. Could not retrieve image.
	at org.knime.ext.seleniumdrivers.multios.ChromeImageGenerator.retrieveImage(ChromeImageGenerator.java:319)
	at org.knime.js.core.node.AbstractImageWizardNodeModel.renderViewAndCreateImage(AbstractImageWizardNodeModel.java:174)
	at org.knime.js.core.node.AbstractImageWizardNodeModel.performExecute(AbstractImageWizardNodeModel.java:106)
	at org.knime.js.core.node.AbstractWizardNodeModel.execute(AbstractWizardNodeModel.java:136)
	at org.knime.core.node.NodeModel.executeModel(NodeModel.java:576)
	at org.knime.core.node.Node.invokeFullyNodeModelExecute(Node.java:1236)
	at org.knime.core.node.Node.execute(Node.java:1016)
	at org.knime.core.node.workflow.NativeNodeContainer.performExecuteNode(NativeNodeContainer.java:558)
	at org.knime.core.node.exec.LocalNodeExecutionJob.mainExecute(LocalNodeExecutionJob.java:95)
	at org.knime.core.node.workflow.NodeExecutionJob.internalRun(NodeExecutionJob.java:201)
	at org.knime.core.node.workflow.NodeExecutionJob.run(NodeExecutionJob.java:117)
	at org.knime.core.util.ThreadUtils$RunnableWithContextImpl.runWithContext(ThreadUtils.java:334)
	at org.knime.core.util.ThreadUtils$RunnableWithContext.run(ThreadUtils.java:210)
	at java.util.concurrent.Executors$RunnableAdapter.call(Executors.java:511)
	at java.util.concurrent.FutureTask.run(FutureTask.java:266)
	at org.knime.core.util.ThreadPool$MyFuture.run(ThreadPool.java:123)
	at org.knime.core.util.ThreadPool$Worker.run(ThreadPool.java:246)
Caused by: org.knime.ext.seleniumdrivers.multios.SeleniumViewException: Chrome driver was not initialized. Could not retrieve image.
	at org.knime.ext.seleniumdrivers.multios.ChromeImageGenerator.retrieveImage(ChromeImageGenerator.java:299)
	... 16 more
2020-12-11 13:23:14,429 : ERROR : KNIME-Worker-7-Scatter Plot 0:254 :  : AbstractImageWizardNodeModel : Scatter Plot : 0:254 : Retrieving image from view failed: Error retrieving image: Chrome driver was not initialized. Could not retrieve image.
java.io.IOException: Error retrieving image: Chrome driver was not initialized. Could not retrieve image.
	at org.knime.ext.seleniumdrivers.multios.ChromeImageGenerator.retrieveImage(ChromeImageGenerator.java:319)
	at org.knime.js.core.node.AbstractImageWizardNodeModel.renderViewAndCreateImage(AbstractImageWizardNodeModel.java:174)
	at org.knime.js.core.node.AbstractImageWizardNodeModel.performExecute(AbstractImageWizardNodeModel.java:106)
	at org.knime.js.core.node.AbstractWizardNodeModel.execute(AbstractWizardNodeModel.java:136)
	at org.knime.core.node.NodeModel.executeModel(NodeModel.java:576)
	at org.knime.core.node.Node.invokeFullyNodeModelExecute(Node.java:1236)
	at org.knime.core.node.Node.execute(Node.java:1016)
	at org.knime.core.node.workflow.NativeNodeContainer.performExecuteNode(NativeNodeContainer.java:558)
	at org.knime.core.node.exec.LocalNodeExecutionJob.mainExecute(LocalNodeExecutionJob.java:95)
	at org.knime.core.node.workflow.NodeExecutionJob.internalRun(NodeExecutionJob.java:201)
	at org.knime.core.node.workflow.NodeExecutionJob.run(NodeExecutionJob.java:117)
	at org.knime.core.util.ThreadUtils$RunnableWithContextImpl.runWithContext(ThreadUtils.java:334)
	at org.knime.core.util.ThreadUtils$RunnableWithContext.run(ThreadUtils.java:210)
	at java.util.concurrent.Executors$RunnableAdapter.call(Executors.java:511)
	at java.util.concurrent.FutureTask.run(FutureTask.java:266)
	at org.knime.core.util.ThreadPool$MyFuture.run(ThreadPool.java:123)
	at org.knime.core.util.ThreadPool$Worker.run(ThreadPool.java:246)
Caused by: org.knime.ext.seleniumdrivers.multios.SeleniumViewException: Chrome driver was not initialized. Could not retrieve image.
	at org.knime.ext.seleniumdrivers.multios.ChromeImageGenerator.retrieveImage(ChromeImageGenerator.java:299)
	... 16 more
2020-12-11 13:23:14,472 : WARN  : KNIME-Worker-13-Scatter Plot 0:284 :  : Node : Image Writer (Port) : 0:282 : Directory 'C:\Users\mbrae\OneDrive\Bureau\CEU\DE2\graphs' of output file does not exist
2020-12-11 13:23:14,493 : ERROR : KNIME-Worker-14-Scatter Plot 0:281 :  : AbstractImageWizardNodeModel : Scatter Plot : 0:281 : Initializing view failed: timeout: Timed out receiving message from renderer: 60.000
  (Session info: headless chrome=83.0.4103.116)
Build info: version: 'unknown', revision: 'unknown', time: 'unknown'
System info: host: 'LAPTOP-1N95IF7B', ip: '192.168.1.8', os.name: 'Windows 10', os.arch: 'amd64', os.version: '10.0', java.version: '1.8.0_252'
Driver info: org.openqa.selenium.chrome.ChromeDriver
Capabilities {acceptInsecureCerts: false, browserName: chrome, browserVersion: 83.0.4103.116, chrome: {chromedriverVersion: 83.0.4103.39 (ccbf011cb2d2b..., userDataDir: C:\Users\mbrae\AppData\Loca...}, goog:chromeOptions: {debuggerAddress: localhost:60541}, javascriptEnabled: true, networkConnectionEnabled: false, pageLoadStrategy: normal, platform: WINDOWS, platformName: WINDOWS, proxy: Proxy(), setWindowRect: true, strictFileInteractability: false, timeouts: {implicit: 0, pageLoad: 300000, script: 30000}, unhandledPromptBehavior: dismiss, webauthn:virtualAuthenticators: true}
Session ID: 536d3c94dd22cd909928817ac8d06957
org.openqa.selenium.TimeoutException: timeout: Timed out receiving message from renderer: 60.000
  (Session info: headless chrome=83.0.4103.116)
Build info: version: 'unknown', revision: 'unknown', time: 'unknown'
System info: host: 'LAPTOP-1N95IF7B', ip: '192.168.1.8', os.name: 'Windows 10', os.arch: 'amd64', os.version: '10.0', java.version: '1.8.0_252'
Driver info: org.openqa.selenium.chrome.ChromeDriver
Capabilities {acceptInsecureCerts: false, browserName: chrome, browserVersion: 83.0.4103.116, chrome: {chromedriverVersion: 83.0.4103.39 (ccbf011cb2d2b..., userDataDir: C:\Users\mbrae\AppData\Loca...}, goog:chromeOptions: {debuggerAddress: localhost:60541}, javascriptEnabled: true, networkConnectionEnabled: false, pageLoadStrategy: normal, platform: WINDOWS, platformName: WINDOWS, proxy: Proxy(), setWindowRect: true, strictFileInteractability: false, timeouts: {implicit: 0, pageLoad: 300000, script: 30000}, unhandledPromptBehavior: dismiss, webauthn:virtualAuthenticators: true}
Session ID: 536d3c94dd22cd909928817ac8d06957
	at sun.reflect.NativeConstructorAccessorImpl.newInstance0(Native Method)
	at sun.reflect.NativeConstructorAccessorImpl.newInstance(NativeConstructorAccessorImpl.java:62)
	at sun.reflect.DelegatingConstructorAccessorImpl.newInstance(DelegatingConstructorAccessorImpl.java:45)
	at java.lang.reflect.Constructor.newInstance(Constructor.java:423)
	at org.openqa.selenium.remote.http.W3CHttpResponseCodec.createException(W3CHttpResponseCodec.java:187)
	at org.openqa.selenium.remote.http.W3CHttpResponseCodec.decode(W3CHttpResponseCodec.java:122)
	at org.openqa.selenium.remote.http.W3CHttpResponseCodec.decode(W3CHttpResponseCodec.java:49)
	at org.openqa.selenium.remote.HttpCommandExecutor.execute(HttpCommandExecutor.java:158)
	at org.openqa.selenium.remote.service.DriverCommandExecutor.execute(DriverCommandExecutor.java:83)
	at org.openqa.selenium.remote.RemoteWebDriver.execute(RemoteWebDriver.java:543)
	at org.openqa.selenium.remote.RemoteWebDriver$RemoteTargetLocator.frame(RemoteWebDriver.java:883)
	at org.knime.ext.seleniumdrivers.multios.ChromeImageGenerator.generateView(ChromeImageGenerator.java:250)
	at org.knime.js.core.node.AbstractImageWizardNodeModel.renderViewAndCreateImage(AbstractImageWizardNodeModel.java:148)
	at org.knime.js.core.node.AbstractImageWizardNodeModel.performExecute(AbstractImageWizardNodeModel.java:106)
	at org.knime.js.core.node.AbstractWizardNodeModel.execute(AbstractWizardNodeModel.java:136)
	at org.knime.core.node.NodeModel.executeModel(NodeModel.java:576)
	at org.knime.core.node.Node.invokeFullyNodeModelExecute(Node.java:1236)
	at org.knime.core.node.Node.execute(Node.java:1016)
	at org.knime.core.node.workflow.NativeNodeContainer.performExecuteNode(NativeNodeContainer.java:558)
	at org.knime.core.node.exec.LocalNodeExecutionJob.mainExecute(LocalNodeExecutionJob.java:95)
	at org.knime.core.node.workflow.NodeExecutionJob.internalRun(NodeExecutionJob.java:201)
	at org.knime.core.node.workflow.NodeExecutionJob.run(NodeExecutionJob.java:117)
	at org.knime.core.util.ThreadUtils$RunnableWithContextImpl.runWithContext(ThreadUtils.java:334)
	at org.knime.core.util.ThreadUtils$RunnableWithContext.run(ThreadUtils.java:210)
	at java.util.concurrent.Executors$RunnableAdapter.call(Executors.java:511)
	at java.util.concurrent.FutureTask.run(FutureTask.java:266)
	at org.knime.core.util.ThreadPool$MyFuture.run(ThreadPool.java:123)
	at org.knime.core.util.ThreadPool$Worker.run(ThreadPool.java:246)
2020-12-11 13:23:14,495 : ERROR : KNIME-Worker-14-Scatter Plot 0:281 :  : AbstractImageWizardNodeModel : Scatter Plot : 0:281 : Retrieving image from view failed: Error retrieving image: Chrome driver was not initialized. Could not retrieve image.
java.io.IOException: Error retrieving image: Chrome driver was not initialized. Could not retrieve image.
	at org.knime.ext.seleniumdrivers.multios.ChromeImageGenerator.retrieveImage(ChromeImageGenerator.java:319)
	at org.knime.js.core.node.AbstractImageWizardNodeModel.renderViewAndCreateImage(AbstractImageWizardNodeModel.java:174)
	at org.knime.js.core.node.AbstractImageWizardNodeModel.performExecute(AbstractImageWizardNodeModel.java:106)
	at org.knime.js.core.node.AbstractWizardNodeModel.execute(AbstractWizardNodeModel.java:136)
	at org.knime.core.node.NodeModel.executeModel(NodeModel.java:576)
	at org.knime.core.node.Node.invokeFullyNodeModelExecute(Node.java:1236)
	at org.knime.core.node.Node.execute(Node.java:1016)
	at org.knime.core.node.workflow.NativeNodeContainer.performExecuteNode(NativeNodeContainer.java:558)
	at org.knime.core.node.exec.LocalNodeExecutionJob.mainExecute(LocalNodeExecutionJob.java:95)
	at org.knime.core.node.workflow.NodeExecutionJob.internalRun(NodeExecutionJob.java:201)
	at org.knime.core.node.workflow.NodeExecutionJob.run(NodeExecutionJob.java:117)
	at org.knime.core.util.ThreadUtils$RunnableWithContextImpl.runWithContext(ThreadUtils.java:334)
	at org.knime.core.util.ThreadUtils$RunnableWithContext.run(ThreadUtils.java:210)
	at java.util.concurrent.Executors$RunnableAdapter.call(Executors.java:511)
	at java.util.concurrent.FutureTask.run(FutureTask.java:266)
	at org.knime.core.util.ThreadPool$MyFuture.run(ThreadPool.java:123)
	at org.knime.core.util.ThreadPool$Worker.run(ThreadPool.java:246)
Caused by: org.knime.ext.seleniumdrivers.multios.SeleniumViewException: Chrome driver was not initialized. Could not retrieve image.
	at org.knime.ext.seleniumdrivers.multios.ChromeImageGenerator.retrieveImage(ChromeImageGenerator.java:299)
	... 16 more
2020-12-11 13:23:14,513 : WARN  : KNIME-Worker-14-Scatter Plot 0:281 :  : Node : Image Writer (Port) : 0:291 : Directory 'C:\Users\mbrae\OneDrive\Bureau\CEU\DE2\graphs' of output file does not exist
2020-12-11 13:23:16,374 : ERROR : KNIME-Worker-15-Scatter Plot 0:264 :  : AbstractImageWizardNodeModel : Scatter Plot : 0:264 : Initializing view failed: timeout: Timed out receiving message from renderer: 60.000
  (Session info: headless chrome=83.0.4103.116)
Build info: version: 'unknown', revision: 'unknown', time: 'unknown'
System info: host: 'LAPTOP-1N95IF7B', ip: '192.168.1.8', os.name: 'Windows 10', os.arch: 'amd64', os.version: '10.0', java.version: '1.8.0_252'
Driver info: org.openqa.selenium.chrome.ChromeDriver
Capabilities {acceptInsecureCerts: false, browserName: chrome, browserVersion: 83.0.4103.116, chrome: {chromedriverVersion: 83.0.4103.39 (ccbf011cb2d2b..., userDataDir: C:\Users\mbrae\AppData\Loca...}, goog:chromeOptions: {debuggerAddress: localhost:60537}, javascriptEnabled: true, networkConnectionEnabled: false, pageLoadStrategy: normal, platform: WINDOWS, platformName: WINDOWS, proxy: Proxy(), setWindowRect: true, strictFileInteractability: false, timeouts: {implicit: 0, pageLoad: 300000, script: 30000}, unhandledPromptBehavior: dismiss, webauthn:virtualAuthenticators: true}
Session ID: 3fd0c2c4437437ff97d3b803ffb4b031
org.openqa.selenium.TimeoutException: timeout: Timed out receiving message from renderer: 60.000
  (Session info: headless chrome=83.0.4103.116)
Build info: version: 'unknown', revision: 'unknown', time: 'unknown'
System info: host: 'LAPTOP-1N95IF7B', ip: '192.168.1.8', os.name: 'Windows 10', os.arch: 'amd64', os.version: '10.0', java.version: '1.8.0_252'
Driver info: org.openqa.selenium.chrome.ChromeDriver
Capabilities {acceptInsecureCerts: false, browserName: chrome, browserVersion: 83.0.4103.116, chrome: {chromedriverVersion: 83.0.4103.39 (ccbf011cb2d2b..., userDataDir: C:\Users\mbrae\AppData\Loca...}, goog:chromeOptions: {debuggerAddress: localhost:60537}, javascriptEnabled: true, networkConnectionEnabled: false, pageLoadStrategy: normal, platform: WINDOWS, platformName: WINDOWS, proxy: Proxy(), setWindowRect: true, strictFileInteractability: false, timeouts: {implicit: 0, pageLoad: 300000, script: 30000}, unhandledPromptBehavior: dismiss, webauthn:virtualAuthenticators: true}
Session ID: 3fd0c2c4437437ff97d3b803ffb4b031
	at sun.reflect.NativeConstructorAccessorImpl.newInstance0(Native Method)
	at sun.reflect.NativeConstructorAccessorImpl.newInstance(NativeConstructorAccessorImpl.java:62)
	at sun.reflect.DelegatingConstructorAccessorImpl.newInstance(DelegatingConstructorAccessorImpl.java:45)
	at java.lang.reflect.Constructor.newInstance(Constructor.java:423)
	at org.openqa.selenium.remote.http.W3CHttpResponseCodec.createException(W3CHttpResponseCodec.java:187)
	at org.openqa.selenium.remote.http.W3CHttpResponseCodec.decode(W3CHttpResponseCodec.java:122)
	at org.openqa.selenium.remote.http.W3CHttpResponseCodec.decode(W3CHttpResponseCodec.java:49)
	at org.openqa.selenium.remote.HttpCommandExecutor.execute(HttpCommandExecutor.java:158)
	at org.openqa.selenium.remote.service.DriverCommandExecutor.execute(DriverCommandExecutor.java:83)
	at org.openqa.selenium.remote.RemoteWebDriver.execute(RemoteWebDriver.java:543)
	at org.openqa.selenium.remote.RemoteWebDriver$RemoteTargetLocator.frame(RemoteWebDriver.java:883)
	at org.knime.ext.seleniumdrivers.multios.ChromeImageGenerator.generateView(ChromeImageGenerator.java:250)
	at org.knime.js.core.node.AbstractImageWizardNodeModel.renderViewAndCreateImage(AbstractImageWizardNodeModel.java:148)
	at org.knime.js.core.node.AbstractImageWizardNodeModel.performExecute(AbstractImageWizardNodeModel.java:106)
	at org.knime.js.core.node.AbstractWizardNodeModel.execute(AbstractWizardNodeModel.java:136)
	at org.knime.core.node.NodeModel.executeModel(NodeModel.java:576)
	at org.knime.core.node.Node.invokeFullyNodeModelExecute(Node.java:1236)
	at org.knime.core.node.Node.execute(Node.java:1016)
	at org.knime.core.node.workflow.NativeNodeContainer.performExecuteNode(NativeNodeContainer.java:558)
	at org.knime.core.node.exec.LocalNodeExecutionJob.mainExecute(LocalNodeExecutionJob.java:95)
	at org.knime.core.node.workflow.NodeExecutionJob.internalRun(NodeExecutionJob.java:201)
	at org.knime.core.node.workflow.NodeExecutionJob.run(NodeExecutionJob.java:117)
	at org.knime.core.util.ThreadUtils$RunnableWithContextImpl.runWithContext(ThreadUtils.java:334)
	at org.knime.core.util.ThreadUtils$RunnableWithContext.run(ThreadUtils.java:210)
	at java.util.concurrent.Executors$RunnableAdapter.call(Executors.java:511)
	at java.util.concurrent.FutureTask.run(FutureTask.java:266)
	at org.knime.core.util.ThreadPool$MyFuture.run(ThreadPool.java:123)
	at org.knime.core.util.ThreadPool$Worker.run(ThreadPool.java:246)
2020-12-11 13:23:16,378 : ERROR : KNIME-Worker-15-Scatter Plot 0:264 :  : AbstractImageWizardNodeModel : Scatter Plot : 0:264 : Retrieving image from view failed: Error retrieving image: Chrome driver was not initialized. Could not retrieve image.
java.io.IOException: Error retrieving image: Chrome driver was not initialized. Could not retrieve image.
	at org.knime.ext.seleniumdrivers.multios.ChromeImageGenerator.retrieveImage(ChromeImageGenerator.java:319)
	at org.knime.js.core.node.AbstractImageWizardNodeModel.renderViewAndCreateImage(AbstractImageWizardNodeModel.java:174)
	at org.knime.js.core.node.AbstractImageWizardNodeModel.performExecute(AbstractImageWizardNodeModel.java:106)
	at org.knime.js.core.node.AbstractWizardNodeModel.execute(AbstractWizardNodeModel.java:136)
	at org.knime.core.node.NodeModel.executeModel(NodeModel.java:576)
	at org.knime.core.node.Node.invokeFullyNodeModelExecute(Node.java:1236)
	at org.knime.core.node.Node.execute(Node.java:1016)
	at org.knime.core.node.workflow.NativeNodeContainer.performExecuteNode(NativeNodeContainer.java:558)
	at org.knime.core.node.exec.LocalNodeExecutionJob.mainExecute(LocalNodeExecutionJob.java:95)
	at org.knime.core.node.workflow.NodeExecutionJob.internalRun(NodeExecutionJob.java:201)
	at org.knime.core.node.workflow.NodeExecutionJob.run(NodeExecutionJob.java:117)
	at org.knime.core.util.ThreadUtils$RunnableWithContextImpl.runWithContext(ThreadUtils.java:334)
	at org.knime.core.util.ThreadUtils$RunnableWithContext.run(ThreadUtils.java:210)
	at java.util.concurrent.Executors$RunnableAdapter.call(Executors.java:511)
	at java.util.concurrent.FutureTask.run(FutureTask.java:266)
	at org.knime.core.util.ThreadPool$MyFuture.run(ThreadPool.java:123)
	at org.knime.core.util.ThreadPool$Worker.run(ThreadPool.java:246)
Caused by: org.knime.ext.seleniumdrivers.multios.SeleniumViewException: Chrome driver was not initialized. Could not retrieve image.
	at org.knime.ext.seleniumdrivers.multios.ChromeImageGenerator.retrieveImage(ChromeImageGenerator.java:299)
	... 16 more
2020-12-11 13:23:16,397 : WARN  : KNIME-Worker-15-Scatter Plot 0:264 :  : Node : Image Writer (Port) : 0:277 : Directory 'C:\Users\mbrae\OneDrive\Bureau\CEU\DE2\graphs' of output file does not exist
2020-12-11 13:23:16,925 : ERROR : KNIME-Worker-12-Scatter Plot 0:285 :  : AbstractImageWizardNodeModel : Scatter Plot : 0:285 : Initializing view failed: timeout: Timed out receiving message from renderer: 60.000
  (Session info: headless chrome=83.0.4103.116)
Build info: version: 'unknown', revision: 'unknown', time: 'unknown'
System info: host: 'LAPTOP-1N95IF7B', ip: '192.168.1.8', os.name: 'Windows 10', os.arch: 'amd64', os.version: '10.0', java.version: '1.8.0_252'
Driver info: org.openqa.selenium.chrome.ChromeDriver
Capabilities {acceptInsecureCerts: false, browserName: chrome, browserVersion: 83.0.4103.116, chrome: {chromedriverVersion: 83.0.4103.39 (ccbf011cb2d2b..., userDataDir: C:\Users\mbrae\AppData\Loca...}, goog:chromeOptions: {debuggerAddress: localhost:60543}, javascriptEnabled: true, networkConnectionEnabled: false, pageLoadStrategy: normal, platform: WINDOWS, platformName: WINDOWS, proxy: Proxy(), setWindowRect: true, strictFileInteractability: false, timeouts: {implicit: 0, pageLoad: 300000, script: 30000}, unhandledPromptBehavior: dismiss, webauthn:virtualAuthenticators: true}
Session ID: a78f888cc31b6b33ccef75cd29752cca
org.openqa.selenium.TimeoutException: timeout: Timed out receiving message from renderer: 60.000
  (Session info: headless chrome=83.0.4103.116)
Build info: version: 'unknown', revision: 'unknown', time: 'unknown'
System info: host: 'LAPTOP-1N95IF7B', ip: '192.168.1.8', os.name: 'Windows 10', os.arch: 'amd64', os.version: '10.0', java.version: '1.8.0_252'
Driver info: org.openqa.selenium.chrome.ChromeDriver
Capabilities {acceptInsecureCerts: false, browserName: chrome, browserVersion: 83.0.4103.116, chrome: {chromedriverVersion: 83.0.4103.39 (ccbf011cb2d2b..., userDataDir: C:\Users\mbrae\AppData\Loca...}, goog:chromeOptions: {debuggerAddress: localhost:60543}, javascriptEnabled: true, networkConnectionEnabled: false, pageLoadStrategy: normal, platform: WINDOWS, platformName: WINDOWS, proxy: Proxy(), setWindowRect: true, strictFileInteractability: false, timeouts: {implicit: 0, pageLoad: 300000, script: 30000}, unhandledPromptBehavior: dismiss, webauthn:virtualAuthenticators: true}
Session ID: a78f888cc31b6b33ccef75cd29752cca
	at sun.reflect.NativeConstructorAccessorImpl.newInstance0(Native Method)
	at sun.reflect.NativeConstructorAccessorImpl.newInstance(NativeConstructorAccessorImpl.java:62)
	at sun.reflect.DelegatingConstructorAccessorImpl.newInstance(DelegatingConstructorAccessorImpl.java:45)
	at java.lang.reflect.Constructor.newInstance(Constructor.java:423)
	at org.openqa.selenium.remote.http.W3CHttpResponseCodec.createException(W3CHttpResponseCodec.java:187)
	at org.openqa.selenium.remote.http.W3CHttpResponseCodec.decode(W3CHttpResponseCodec.java:122)
	at org.openqa.selenium.remote.http.W3CHttpResponseCodec.decode(W3CHttpResponseCodec.java:49)
	at org.openqa.selenium.remote.HttpCommandExecutor.execute(HttpCommandExecutor.java:158)
	at org.openqa.selenium.remote.service.DriverCommandExecutor.execute(DriverCommandExecutor.java:83)
	at org.openqa.selenium.remote.RemoteWebDriver.execute(RemoteWebDriver.java:543)
	at org.openqa.selenium.remote.RemoteWebDriver$RemoteTargetLocator.frame(RemoteWebDriver.java:883)
	at org.knime.ext.seleniumdrivers.multios.ChromeImageGenerator.generateView(ChromeImageGenerator.java:250)
	at org.knime.js.core.node.AbstractImageWizardNodeModel.renderViewAndCreateImage(AbstractImageWizardNodeModel.java:148)
	at org.knime.js.core.node.AbstractImageWizardNodeModel.performExecute(AbstractImageWizardNodeModel.java:106)
	at org.knime.js.core.node.AbstractWizardNodeModel.execute(AbstractWizardNodeModel.java:136)
	at org.knime.core.node.NodeModel.executeModel(NodeModel.java:576)
	at org.knime.core.node.Node.invokeFullyNodeModelExecute(Node.java:1236)
	at org.knime.core.node.Node.execute(Node.java:1016)
	at org.knime.core.node.workflow.NativeNodeContainer.performExecuteNode(NativeNodeContainer.java:558)
	at org.knime.core.node.exec.LocalNodeExecutionJob.mainExecute(LocalNodeExecutionJob.java:95)
	at org.knime.core.node.workflow.NodeExecutionJob.internalRun(NodeExecutionJob.java:201)
	at org.knime.core.node.workflow.NodeExecutionJob.run(NodeExecutionJob.java:117)
	at org.knime.core.util.ThreadUtils$RunnableWithContextImpl.runWithContext(ThreadUtils.java:334)
	at org.knime.core.util.ThreadUtils$RunnableWithContext.run(ThreadUtils.java:210)
	at java.util.concurrent.Executors$RunnableAdapter.call(Executors.java:511)
	at java.util.concurrent.FutureTask.run(FutureTask.java:266)
	at org.knime.core.util.ThreadPool$MyFuture.run(ThreadPool.java:123)
	at org.knime.core.util.ThreadPool$Worker.run(ThreadPool.java:246)
2020-12-11 13:23:16,927 : ERROR : KNIME-Worker-12-Scatter Plot 0:285 :  : AbstractImageWizardNodeModel : Scatter Plot : 0:285 : Retrieving image from view failed: Error retrieving image: Chrome driver was not initialized. Could not retrieve image.
java.io.IOException: Error retrieving image: Chrome driver was not initialized. Could not retrieve image.
	at org.knime.ext.seleniumdrivers.multios.ChromeImageGenerator.retrieveImage(ChromeImageGenerator.java:319)
	at org.knime.js.core.node.AbstractImageWizardNodeModel.renderViewAndCreateImage(AbstractImageWizardNodeModel.java:174)
	at org.knime.js.core.node.AbstractImageWizardNodeModel.performExecute(AbstractImageWizardNodeModel.java:106)
	at org.knime.js.core.node.AbstractWizardNodeModel.execute(AbstractWizardNodeModel.java:136)
	at org.knime.core.node.NodeModel.executeModel(NodeModel.java:576)
	at org.knime.core.node.Node.invokeFullyNodeModelExecute(Node.java:1236)
	at org.knime.core.node.Node.execute(Node.java:1016)
	at org.knime.core.node.workflow.NativeNodeContainer.performExecuteNode(NativeNodeContainer.java:558)
	at org.knime.core.node.exec.LocalNodeExecutionJob.mainExecute(LocalNodeExecutionJob.java:95)
	at org.knime.core.node.workflow.NodeExecutionJob.internalRun(NodeExecutionJob.java:201)
	at org.knime.core.node.workflow.NodeExecutionJob.run(NodeExecutionJob.java:117)
	at org.knime.core.util.ThreadUtils$RunnableWithContextImpl.runWithContext(ThreadUtils.java:334)
	at org.knime.core.util.ThreadUtils$RunnableWithContext.run(ThreadUtils.java:210)
	at java.util.concurrent.Executors$RunnableAdapter.call(Executors.java:511)
	at java.util.concurrent.FutureTask.run(FutureTask.java:266)
	at org.knime.core.util.ThreadPool$MyFuture.run(ThreadPool.java:123)
	at org.knime.core.util.ThreadPool$Worker.run(ThreadPool.java:246)
Caused by: org.knime.ext.seleniumdrivers.multios.SeleniumViewException: Chrome driver was not initialized. Could not retrieve image.
	at org.knime.ext.seleniumdrivers.multios.ChromeImageGenerator.retrieveImage(ChromeImageGenerator.java:299)
	... 16 more
2020-12-11 13:23:16,940 : WARN  : KNIME-Worker-12-Scatter Plot 0:285 :  : Node : Image Writer (Port) : 0:283 : Directory 'C:\Users\mbrae\OneDrive\Bureau\CEU\DE2\graphs' of output file does not exist
2020-12-11 13:23:18,867 : ERROR : KNIME-Worker-17-Scatter Plot 0:252 :  : AbstractImageWizardNodeModel : Scatter Plot : 0:252 : Initializing view failed: timeout: Timed out receiving message from renderer: 60.000
  (Session info: headless chrome=83.0.4103.116)
Build info: version: 'unknown', revision: 'unknown', time: 'unknown'
System info: host: 'LAPTOP-1N95IF7B', ip: '192.168.1.8', os.name: 'Windows 10', os.arch: 'amd64', os.version: '10.0', java.version: '1.8.0_252'
Driver info: org.openqa.selenium.chrome.ChromeDriver
Capabilities {acceptInsecureCerts: false, browserName: chrome, browserVersion: 83.0.4103.116, chrome: {chromedriverVersion: 83.0.4103.39 (ccbf011cb2d2b..., userDataDir: C:\Users\mbrae\AppData\Loca...}, goog:chromeOptions: {debuggerAddress: localhost:60586}, javascriptEnabled: true, networkConnectionEnabled: false, pageLoadStrategy: normal, platform: WINDOWS, platformName: WINDOWS, proxy: Proxy(), setWindowRect: true, strictFileInteractability: false, timeouts: {implicit: 0, pageLoad: 300000, script: 30000}, unhandledPromptBehavior: dismiss, webauthn:virtualAuthenticators: true}
Session ID: 0e981c1c07a50b5f19338dc0949b331f
org.openqa.selenium.TimeoutException: timeout: Timed out receiving message from renderer: 60.000
  (Session info: headless chrome=83.0.4103.116)
Build info: version: 'unknown', revision: 'unknown', time: 'unknown'
System info: host: 'LAPTOP-1N95IF7B', ip: '192.168.1.8', os.name: 'Windows 10', os.arch: 'amd64', os.version: '10.0', java.version: '1.8.0_252'
Driver info: org.openqa.selenium.chrome.ChromeDriver
Capabilities {acceptInsecureCerts: false, browserName: chrome, browserVersion: 83.0.4103.116, chrome: {chromedriverVersion: 83.0.4103.39 (ccbf011cb2d2b..., userDataDir: C:\Users\mbrae\AppData\Loca...}, goog:chromeOptions: {debuggerAddress: localhost:60586}, javascriptEnabled: true, networkConnectionEnabled: false, pageLoadStrategy: normal, platform: WINDOWS, platformName: WINDOWS, proxy: Proxy(), setWindowRect: true, strictFileInteractability: false, timeouts: {implicit: 0, pageLoad: 300000, script: 30000}, unhandledPromptBehavior: dismiss, webauthn:virtualAuthenticators: true}
Session ID: 0e981c1c07a50b5f19338dc0949b331f
	at sun.reflect.NativeConstructorAccessorImpl.newInstance0(Native Method)
	at sun.reflect.NativeConstructorAccessorImpl.newInstance(NativeConstructorAccessorImpl.java:62)
	at sun.reflect.DelegatingConstructorAccessorImpl.newInstance(DelegatingConstructorAccessorImpl.java:45)
	at java.lang.reflect.Constructor.newInstance(Constructor.java:423)
	at org.openqa.selenium.remote.http.W3CHttpResponseCodec.createException(W3CHttpResponseCodec.java:187)
	at org.openqa.selenium.remote.http.W3CHttpResponseCodec.decode(W3CHttpResponseCodec.java:122)
	at org.openqa.selenium.remote.http.W3CHttpResponseCodec.decode(W3CHttpResponseCodec.java:49)
	at org.openqa.selenium.remote.HttpCommandExecutor.execute(HttpCommandExecutor.java:158)
	at org.openqa.selenium.remote.service.DriverCommandExecutor.execute(DriverCommandExecutor.java:83)
	at org.openqa.selenium.remote.RemoteWebDriver.execute(RemoteWebDriver.java:543)
	at org.openqa.selenium.remote.RemoteWebDriver$RemoteTargetLocator.frame(RemoteWebDriver.java:883)
	at org.knime.ext.seleniumdrivers.multios.ChromeImageGenerator.generateView(ChromeImageGenerator.java:250)
	at org.knime.js.core.node.AbstractImageWizardNodeModel.renderViewAndCreateImage(AbstractImageWizardNodeModel.java:148)
	at org.knime.js.core.node.AbstractImageWizardNodeModel.performExecute(AbstractImageWizardNodeModel.java:106)
	at org.knime.js.core.node.AbstractWizardNodeModel.execute(AbstractWizardNodeModel.java:136)
	at org.knime.core.node.NodeModel.executeModel(NodeModel.java:576)
	at org.knime.core.node.Node.invokeFullyNodeModelExecute(Node.java:1236)
	at org.knime.core.node.Node.execute(Node.java:1016)
	at org.knime.core.node.workflow.NativeNodeContainer.performExecuteNode(NativeNodeContainer.java:558)
	at org.knime.core.node.exec.LocalNodeExecutionJob.mainExecute(LocalNodeExecutionJob.java:95)
	at org.knime.core.node.workflow.NodeExecutionJob.internalRun(NodeExecutionJob.java:201)
	at org.knime.core.node.workflow.NodeExecutionJob.run(NodeExecutionJob.java:117)
	at org.knime.core.util.ThreadUtils$RunnableWithContextImpl.runWithContext(ThreadUtils.java:334)
	at org.knime.core.util.ThreadUtils$RunnableWithContext.run(ThreadUtils.java:210)
	at java.util.concurrent.Executors$RunnableAdapter.call(Executors.java:511)
	at java.util.concurrent.FutureTask.run(FutureTask.java:266)
	at org.knime.core.util.ThreadPool$MyFuture.run(ThreadPool.java:123)
	at org.knime.core.util.ThreadPool$Worker.run(ThreadPool.java:246)
2020-12-11 13:23:18,869 : ERROR : KNIME-Worker-17-Scatter Plot 0:252 :  : AbstractImageWizardNodeModel : Scatter Plot : 0:252 : Retrieving image from view failed: Error retrieving image: Chrome driver was not initialized. Could not retrieve image.
java.io.IOException: Error retrieving image: Chrome driver was not initialized. Could not retrieve image.
	at org.knime.ext.seleniumdrivers.multios.ChromeImageGenerator.retrieveImage(ChromeImageGenerator.java:319)
	at org.knime.js.core.node.AbstractImageWizardNodeModel.renderViewAndCreateImage(AbstractImageWizardNodeModel.java:174)
	at org.knime.js.core.node.AbstractImageWizardNodeModel.performExecute(AbstractImageWizardNodeModel.java:106)
	at org.knime.js.core.node.AbstractWizardNodeModel.execute(AbstractWizardNodeModel.java:136)
	at org.knime.core.node.NodeModel.executeModel(NodeModel.java:576)
	at org.knime.core.node.Node.invokeFullyNodeModelExecute(Node.java:1236)
	at org.knime.core.node.Node.execute(Node.java:1016)
	at org.knime.core.node.workflow.NativeNodeContainer.performExecuteNode(NativeNodeContainer.java:558)
	at org.knime.core.node.exec.LocalNodeExecutionJob.mainExecute(LocalNodeExecutionJob.java:95)
	at org.knime.core.node.workflow.NodeExecutionJob.internalRun(NodeExecutionJob.java:201)
	at org.knime.core.node.workflow.NodeExecutionJob.run(NodeExecutionJob.java:117)
	at org.knime.core.util.ThreadUtils$RunnableWithContextImpl.runWithContext(ThreadUtils.java:334)
	at org.knime.core.util.ThreadUtils$RunnableWithContext.run(ThreadUtils.java:210)
	at java.util.concurrent.Executors$RunnableAdapter.call(Executors.java:511)
	at java.util.concurrent.FutureTask.run(FutureTask.java:266)
	at org.knime.core.util.ThreadPool$MyFuture.run(ThreadPool.java:123)
	at org.knime.core.util.ThreadPool$Worker.run(ThreadPool.java:246)
Caused by: org.knime.ext.seleniumdrivers.multios.SeleniumViewException: Chrome driver was not initialized. Could not retrieve image.
	at org.knime.ext.seleniumdrivers.multios.ChromeImageGenerator.retrieveImage(ChromeImageGenerator.java:299)
	... 16 more
2020-12-11 13:23:18,881 : WARN  : KNIME-Worker-17-Scatter Plot 0:252 :  : Node : Image Writer (Port) : 0:276 : Directory 'C:\Users\mbrae\OneDrive\Bureau\CEU\DE2\graphs' of output file does not exist
2020-12-11 13:24:56,150 : WARN  : main :  : Node : Image Writer (Port) : 0:286 : Directory 'C:\Users\mbrae\OneDrive\Bureau\CEU\DE2\graphs' of output file does not exist
2020-12-11 13:24:58,584 : WARN  : main :  : Node : Image Writer (Port) : 0:286 : Directory 'C:\Users\mbrae\OneDrive\Bureau\CEU\DE2\graphs' of output file does not exist
2020-12-11 13:25:08,772 : WARN  : KNIME-Worker-18-Bar Chart 0:270 :  : Node : Image Writer (Port) : 0:286 : Directory 'C:\Users\mbrae\OneDrive\Bureau\CEU\DE2\graphs' of output file does not exist
2020-12-11 13:25:49,018 : WARN  : main :  : Node : Image Writer (Port) : 0:290 : Output file 'C:\Users\mbrae\OneDrive\Bureau\CEU\DE2\visuals\smoking_suicide_female_.svg' exists and will be overwritten
2020-12-11 13:25:50,582 : WARN  : main :  : Node : Image Writer (Port) : 0:290 : Output file 'C:\Users\mbrae\OneDrive\Bureau\CEU\DE2\visuals\smoking_suicide_female_.svg' exists and will be overwritten
2020-12-11 13:26:00,066 : WARN  : main :  : Node : Image Writer (Port) : 0:277 : Output file 'C:\Users\mbrae\OneDrive\Bureau\CEU\DE2\visuals\alcohol_suicide_female.svg' exists and will be overwritten
2020-12-11 13:26:09,984 : WARN  : main :  : Node : Image Writer (Port) : 0:276 : Output file 'C:\Users\mbrae\OneDrive\Bureau\CEU\DE2\visuals\UER_suicide_female.svg' exists and will be overwritten
2020-12-11 13:26:20,050 : WARN  : main :  : Node : Image Writer (Port) : 0:282 : Output file 'C:\Users\mbrae\OneDrive\Bureau\CEU\DE2\visuals\Smoking_suicide_male.svg' exists and will be overwritten
2020-12-11 13:26:29,257 : WARN  : main :  : Node : Image Writer (Port) : 0:283 : Output file 'C:\Users\mbrae\OneDrive\Bureau\CEU\DE2\visuals\suicided_alcohol_male22.svg' exists and will be overwritten
2020-12-11 13:26:38,722 : WARN  : main :  : Node : Image Writer (Port) : 0:291 : Output file 'C:\Users\mbrae\OneDrive\Bureau\CEU\DE2\visuals\UER_suicide_male_.svg' exists and will be overwritten
2020-12-11 13:26:51,104 : WARN  : main :  : Node : Image Writer (Port) : 0:286 : Output file 'C:\Users\mbrae\OneDrive\Bureau\CEU\DE2\visuals\Suicide_country.svg' exists and will be overwritten
2020-12-11 13:27:02,215 : WARN  : main :  : Node : Image Writer (Port) : 0:287 : Output file 'C:\Users\mbrae\OneDrive\Bureau\CEU\DE2\visuals\Suicide_age_range.svg' exists and will be overwritten
2020-12-11 13:28:53,505 : WARN  : main :  : Node : Image Writer (Port) : 0:283 : Output file 'C:\Users\mbrae\OneDrive\Bureau\CEU\DE2\visuals\suicided_alcohol_male22.svg' exists and will be overwritten
2020-12-11 13:29:01,016 : WARN  : main :  : Node : Image Writer (Port) : 0:277 : Output file 'C:\Users\mbrae\OneDrive\Bureau\CEU\DE2\visuals\alcohol_suicide_female.svg' exists and will be overwritten
2020-12-11 13:30:15,795 : ERROR : KNIME-Worker-28-Scatter Plot 0:285 :  : AbstractImageWizardNodeModel : Scatter Plot : 0:285 : Initializing view failed: timeout: Timed out receiving message from renderer: 60.000
  (Session info: headless chrome=83.0.4103.116)
Build info: version: 'unknown', revision: 'unknown', time: 'unknown'
System info: host: 'LAPTOP-1N95IF7B', ip: '192.168.1.8', os.name: 'Windows 10', os.arch: 'amd64', os.version: '10.0', java.version: '1.8.0_252'
Driver info: org.openqa.selenium.chrome.ChromeDriver
Capabilities {acceptInsecureCerts: false, browserName: chrome, browserVersion: 83.0.4103.116, chrome: {chromedriverVersion: 83.0.4103.39 (ccbf011cb2d2b..., userDataDir: C:\Users\mbrae\AppData\Loca...}, goog:chromeOptions: {debuggerAddress: localhost:60683}, javascriptEnabled: true, networkConnectionEnabled: false, pageLoadStrategy: normal, platform: WINDOWS, platformName: WINDOWS, proxy: Proxy(), setWindowRect: true, strictFileInteractability: false, timeouts: {implicit: 0, pageLoad: 300000, script: 30000}, unhandledPromptBehavior: dismiss, webauthn:virtualAuthenticators: true}
Session ID: 87b4817697d86400547fade77b92e8f4
org.openqa.selenium.TimeoutException: timeout: Timed out receiving message from renderer: 60.000
  (Session info: headless chrome=83.0.4103.116)
Build info: version: 'unknown', revision: 'unknown', time: 'unknown'
System info: host: 'LAPTOP-1N95IF7B', ip: '192.168.1.8', os.name: 'Windows 10', os.arch: 'amd64', os.version: '10.0', java.version: '1.8.0_252'
Driver info: org.openqa.selenium.chrome.ChromeDriver
Capabilities {acceptInsecureCerts: false, browserName: chrome, browserVersion: 83.0.4103.116, chrome: {chromedriverVersion: 83.0.4103.39 (ccbf011cb2d2b..., userDataDir: C:\Users\mbrae\AppData\Loca...}, goog:chromeOptions: {debuggerAddress: localhost:60683}, javascriptEnabled: true, networkConnectionEnabled: false, pageLoadStrategy: normal, platform: WINDOWS, platformName: WINDOWS, proxy: Proxy(), setWindowRect: true, strictFileInteractability: false, timeouts: {implicit: 0, pageLoad: 300000, script: 30000}, unhandledPromptBehavior: dismiss, webauthn:virtualAuthenticators: true}
Session ID: 87b4817697d86400547fade77b92e8f4
	at sun.reflect.NativeConstructorAccessorImpl.newInstance0(Native Method)
	at sun.reflect.NativeConstructorAccessorImpl.newInstance(NativeConstructorAccessorImpl.java:62)
	at sun.reflect.DelegatingConstructorAccessorImpl.newInstance(DelegatingConstructorAccessorImpl.java:45)
	at java.lang.reflect.Constructor.newInstance(Constructor.java:423)
	at org.openqa.selenium.remote.http.W3CHttpResponseCodec.createException(W3CHttpResponseCodec.java:187)
	at org.openqa.selenium.remote.http.W3CHttpResponseCodec.decode(W3CHttpResponseCodec.java:122)
	at org.openqa.selenium.remote.http.W3CHttpResponseCodec.decode(W3CHttpResponseCodec.java:49)
	at org.openqa.selenium.remote.HttpCommandExecutor.execute(HttpCommandExecutor.java:158)
	at org.openqa.selenium.remote.service.DriverCommandExecutor.execute(DriverCommandExecutor.java:83)
	at org.openqa.selenium.remote.RemoteWebDriver.execute(RemoteWebDriver.java:543)
	at org.openqa.selenium.remote.RemoteWebDriver$RemoteTargetLocator.frame(RemoteWebDriver.java:883)
	at org.knime.ext.seleniumdrivers.multios.ChromeImageGenerator.generateView(ChromeImageGenerator.java:250)
	at org.knime.js.core.node.AbstractImageWizardNodeModel.renderViewAndCreateImage(AbstractImageWizardNodeModel.java:148)
	at org.knime.js.core.node.AbstractImageWizardNodeModel.performExecute(AbstractImageWizardNodeModel.java:106)
	at org.knime.js.core.node.AbstractWizardNodeModel.execute(AbstractWizardNodeModel.java:136)
	at org.knime.core.node.NodeModel.executeModel(NodeModel.java:576)
	at org.knime.core.node.Node.invokeFullyNodeModelExecute(Node.java:1236)
	at org.knime.core.node.Node.execute(Node.java:1016)
	at org.knime.core.node.workflow.NativeNodeContainer.performExecuteNode(NativeNodeContainer.java:558)
	at org.knime.core.node.exec.LocalNodeExecutionJob.mainExecute(LocalNodeExecutionJob.java:95)
	at org.knime.core.node.workflow.NodeExecutionJob.internalRun(NodeExecutionJob.java:201)
	at org.knime.core.node.workflow.NodeExecutionJob.run(NodeExecutionJob.java:117)
	at org.knime.core.util.ThreadUtils$RunnableWithContextImpl.runWithContext(ThreadUtils.java:334)
	at org.knime.core.util.ThreadUtils$RunnableWithContext.run(ThreadUtils.java:210)
	at java.util.concurrent.Executors$RunnableAdapter.call(Executors.java:511)
	at java.util.concurrent.FutureTask.run(FutureTask.java:266)
	at org.knime.core.util.ThreadPool$MyFuture.run(ThreadPool.java:123)
	at org.knime.core.util.ThreadPool$Worker.run(ThreadPool.java:246)
2020-12-11 13:30:15,796 : ERROR : KNIME-Worker-27-Scatter Plot 0:264 :  : AbstractImageWizardNodeModel : Scatter Plot : 0:264 : Initializing view failed: timeout: Timed out receiving message from renderer: 60.000
  (Session info: headless chrome=83.0.4103.116)
Build info: version: 'unknown', revision: 'unknown', time: 'unknown'
System info: host: 'LAPTOP-1N95IF7B', ip: '192.168.1.8', os.name: 'Windows 10', os.arch: 'amd64', os.version: '10.0', java.version: '1.8.0_252'
Driver info: org.openqa.selenium.chrome.ChromeDriver
Capabilities {acceptInsecureCerts: false, browserName: chrome, browserVersion: 83.0.4103.116, chrome: {chromedriverVersion: 83.0.4103.39 (ccbf011cb2d2b..., userDataDir: C:\Users\mbrae\AppData\Loca...}, goog:chromeOptions: {debuggerAddress: localhost:60682}, javascriptEnabled: true, networkConnectionEnabled: false, pageLoadStrategy: normal, platform: WINDOWS, platformName: WINDOWS, proxy: Proxy(), setWindowRect: true, strictFileInteractability: false, timeouts: {implicit: 0, pageLoad: 300000, script: 30000}, unhandledPromptBehavior: dismiss, webauthn:virtualAuthenticators: true}
Session ID: 203ed816f867e2dd48be0ae48843fe9e
org.openqa.selenium.TimeoutException: timeout: Timed out receiving message from renderer: 60.000
  (Session info: headless chrome=83.0.4103.116)
Build info: version: 'unknown', revision: 'unknown', time: 'unknown'
System info: host: 'LAPTOP-1N95IF7B', ip: '192.168.1.8', os.name: 'Windows 10', os.arch: 'amd64', os.version: '10.0', java.version: '1.8.0_252'
Driver info: org.openqa.selenium.chrome.ChromeDriver
Capabilities {acceptInsecureCerts: false, browserName: chrome, browserVersion: 83.0.4103.116, chrome: {chromedriverVersion: 83.0.4103.39 (ccbf011cb2d2b..., userDataDir: C:\Users\mbrae\AppData\Loca...}, goog:chromeOptions: {debuggerAddress: localhost:60682}, javascriptEnabled: true, networkConnectionEnabled: false, pageLoadStrategy: normal, platform: WINDOWS, platformName: WINDOWS, proxy: Proxy(), setWindowRect: true, strictFileInteractability: false, timeouts: {implicit: 0, pageLoad: 300000, script: 30000}, unhandledPromptBehavior: dismiss, webauthn:virtualAuthenticators: true}
Session ID: 203ed816f867e2dd48be0ae48843fe9e
	at sun.reflect.NativeConstructorAccessorImpl.newInstance0(Native Method)
	at sun.reflect.NativeConstructorAccessorImpl.newInstance(NativeConstructorAccessorImpl.java:62)
	at sun.reflect.DelegatingConstructorAccessorImpl.newInstance(DelegatingConstructorAccessorImpl.java:45)
	at java.lang.reflect.Constructor.newInstance(Constructor.java:423)
	at org.openqa.selenium.remote.http.W3CHttpResponseCodec.createException(W3CHttpResponseCodec.java:187)
	at org.openqa.selenium.remote.http.W3CHttpResponseCodec.decode(W3CHttpResponseCodec.java:122)
	at org.openqa.selenium.remote.http.W3CHttpResponseCodec.decode(W3CHttpResponseCodec.java:49)
	at org.openqa.selenium.remote.HttpCommandExecutor.execute(HttpCommandExecutor.java:158)
	at org.openqa.selenium.remote.service.DriverCommandExecutor.execute(DriverCommandExecutor.java:83)
	at org.openqa.selenium.remote.RemoteWebDriver.execute(RemoteWebDriver.java:543)
	at org.openqa.selenium.remote.RemoteWebDriver$RemoteTargetLocator.frame(RemoteWebDriver.java:883)
	at org.knime.ext.seleniumdrivers.multios.ChromeImageGenerator.generateView(ChromeImageGenerator.java:250)
	at org.knime.js.core.node.AbstractImageWizardNodeModel.renderViewAndCreateImage(AbstractImageWizardNodeModel.java:148)
	at org.knime.js.core.node.AbstractImageWizardNodeModel.performExecute(AbstractImageWizardNodeModel.java:106)
	at org.knime.js.core.node.AbstractWizardNodeModel.execute(AbstractWizardNodeModel.java:136)
	at org.knime.core.node.NodeModel.executeModel(NodeModel.java:576)
	at org.knime.core.node.Node.invokeFullyNodeModelExecute(Node.java:1236)
	at org.knime.core.node.Node.execute(Node.java:1016)
	at org.knime.core.node.workflow.NativeNodeContainer.performExecuteNode(NativeNodeContainer.java:558)
	at org.knime.core.node.exec.LocalNodeExecutionJob.mainExecute(LocalNodeExecutionJob.java:95)
	at org.knime.core.node.workflow.NodeExecutionJob.internalRun(NodeExecutionJob.java:201)
	at org.knime.core.node.workflow.NodeExecutionJob.run(NodeExecutionJob.java:117)
	at org.knime.core.util.ThreadUtils$RunnableWithContextImpl.runWithContext(ThreadUtils.java:334)
	at org.knime.core.util.ThreadUtils$RunnableWithContext.run(ThreadUtils.java:210)
	at java.util.concurrent.Executors$RunnableAdapter.call(Executors.java:511)
	at java.util.concurrent.FutureTask.run(FutureTask.java:266)
	at org.knime.core.util.ThreadPool$MyFuture.run(ThreadPool.java:123)
	at org.knime.core.util.ThreadPool$Worker.run(ThreadPool.java:246)
2020-12-11 13:30:15,797 : ERROR : KNIME-Worker-28-Scatter Plot 0:285 :  : AbstractImageWizardNodeModel : Scatter Plot : 0:285 : Retrieving image from view failed: Error retrieving image: Chrome driver was not initialized. Could not retrieve image.
java.io.IOException: Error retrieving image: Chrome driver was not initialized. Could not retrieve image.
	at org.knime.ext.seleniumdrivers.multios.ChromeImageGenerator.retrieveImage(ChromeImageGenerator.java:319)
	at org.knime.js.core.node.AbstractImageWizardNodeModel.renderViewAndCreateImage(AbstractImageWizardNodeModel.java:174)
	at org.knime.js.core.node.AbstractImageWizardNodeModel.performExecute(AbstractImageWizardNodeModel.java:106)
	at org.knime.js.core.node.AbstractWizardNodeModel.execute(AbstractWizardNodeModel.java:136)
	at org.knime.core.node.NodeModel.executeModel(NodeModel.java:576)
	at org.knime.core.node.Node.invokeFullyNodeModelExecute(Node.java:1236)
	at org.knime.core.node.Node.execute(Node.java:1016)
	at org.knime.core.node.workflow.NativeNodeContainer.performExecuteNode(NativeNodeContainer.java:558)
	at org.knime.core.node.exec.LocalNodeExecutionJob.mainExecute(LocalNodeExecutionJob.java:95)
	at org.knime.core.node.workflow.NodeExecutionJob.internalRun(NodeExecutionJob.java:201)
	at org.knime.core.node.workflow.NodeExecutionJob.run(NodeExecutionJob.java:117)
	at org.knime.core.util.ThreadUtils$RunnableWithContextImpl.runWithContext(ThreadUtils.java:334)
	at org.knime.core.util.ThreadUtils$RunnableWithContext.run(ThreadUtils.java:210)
	at java.util.concurrent.Executors$RunnableAdapter.call(Executors.java:511)
	at java.util.concurrent.FutureTask.run(FutureTask.java:266)
	at org.knime.core.util.ThreadPool$MyFuture.run(ThreadPool.java:123)
	at org.knime.core.util.ThreadPool$Worker.run(ThreadPool.java:246)
Caused by: org.knime.ext.seleniumdrivers.multios.SeleniumViewException: Chrome driver was not initialized. Could not retrieve image.
	at org.knime.ext.seleniumdrivers.multios.ChromeImageGenerator.retrieveImage(ChromeImageGenerator.java:299)
	... 16 more
2020-12-11 13:30:15,798 : ERROR : KNIME-Worker-27-Scatter Plot 0:264 :  : AbstractImageWizardNodeModel : Scatter Plot : 0:264 : Retrieving image from view failed: Error retrieving image: Chrome driver was not initialized. Could not retrieve image.
java.io.IOException: Error retrieving image: Chrome driver was not initialized. Could not retrieve image.
	at org.knime.ext.seleniumdrivers.multios.ChromeImageGenerator.retrieveImage(ChromeImageGenerator.java:319)
	at org.knime.js.core.node.AbstractImageWizardNodeModel.renderViewAndCreateImage(AbstractImageWizardNodeModel.java:174)
	at org.knime.js.core.node.AbstractImageWizardNodeModel.performExecute(AbstractImageWizardNodeModel.java:106)
	at org.knime.js.core.node.AbstractWizardNodeModel.execute(AbstractWizardNodeModel.java:136)
	at org.knime.core.node.NodeModel.executeModel(NodeModel.java:576)
	at org.knime.core.node.Node.invokeFullyNodeModelExecute(Node.java:1236)
	at org.knime.core.node.Node.execute(Node.java:1016)
	at org.knime.core.node.workflow.NativeNodeContainer.performExecuteNode(NativeNodeContainer.java:558)
	at org.knime.core.node.exec.LocalNodeExecutionJob.mainExecute(LocalNodeExecutionJob.java:95)
	at org.knime.core.node.workflow.NodeExecutionJob.internalRun(NodeExecutionJob.java:201)
	at org.knime.core.node.workflow.NodeExecutionJob.run(NodeExecutionJob.java:117)
	at org.knime.core.util.ThreadUtils$RunnableWithContextImpl.runWithContext(ThreadUtils.java:334)
	at org.knime.core.util.ThreadUtils$RunnableWithContext.run(ThreadUtils.java:210)
	at java.util.concurrent.Executors$RunnableAdapter.call(Executors.java:511)
	at java.util.concurrent.FutureTask.run(FutureTask.java:266)
	at org.knime.core.util.ThreadPool$MyFuture.run(ThreadPool.java:123)
	at org.knime.core.util.ThreadPool$Worker.run(ThreadPool.java:246)
Caused by: org.knime.ext.seleniumdrivers.multios.SeleniumViewException: Chrome driver was not initialized. Could not retrieve image.
	at org.knime.ext.seleniumdrivers.multios.ChromeImageGenerator.retrieveImage(ChromeImageGenerator.java:299)
	... 16 more
2020-12-11 13:30:15,823 : WARN  : KNIME-Worker-27-Scatter Plot 0:264 :  : Node : Image Writer (Port) : 0:277 : Output file 'C:\Users\mbrae\OneDrive\Bureau\CEU\DE2\visuals\alcohol_suicide_female.svg' exists and will be overwritten
2020-12-11 13:30:15,831 : WARN  : KNIME-Worker-28-Scatter Plot 0:285 :  : Node : Image Writer (Port) : 0:283 : Output file 'C:\Users\mbrae\OneDrive\Bureau\CEU\DE2\visuals\suicided_alcohol_male22.svg' exists and will be overwritten
2020-12-11 13:30:18,126 : WARN  : main :  : Node : Image Writer (Port) : 0:290 : Output file 'C:\Users\mbrae\OneDrive\Bureau\CEU\DE2\visuals\smoking_suicide_female_.svg' exists and must not be overwritten due to user settings
2020-12-11 13:30:25,524 : WARN  : main :  : Node : Image Writer (Port) : 0:277 : Output file 'C:\Users\mbrae\OneDrive\Bureau\CEU\DE2\visuals\alcohol_suicide_female.svg' exists and must not be overwritten due to user settings
2020-12-11 13:30:32,797 : WARN  : main :  : Node : Image Writer (Port) : 0:276 : Output file 'C:\Users\mbrae\OneDrive\Bureau\CEU\DE2\visuals\UER_suicide_female.svg' exists and must not be overwritten due to user settings
2020-12-11 13:30:56,775 : WARN  : main :  : Node : Image Writer (Port) : 0:282 : Output file 'C:\Users\mbrae\OneDrive\Bureau\CEU\DE2\visuals\Smoking_suicide_male.svg' exists and must not be overwritten due to user settings
2020-12-11 13:31:07,684 : WARN  : main :  : Node : Image Writer (Port) : 0:283 : Output file 'C:\Users\mbrae\OneDrive\Bureau\CEU\DE2\visuals\suicided_alcohol_male22.svg' exists and must not be overwritten due to user settings
2020-12-11 13:31:24,577 : WARN  : main :  : Node : Image Writer (Port) : 0:291 : Output file 'C:\Users\mbrae\OneDrive\Bureau\CEU\DE2\visuals\UER_suicide_male_.svg' exists and must not be overwritten due to user settings
2020-12-11 13:37:24,249 : WARN  : main :  : Node : Image Writer (Port) : 0:286 : Output file 'C:\Users\mbrae\OneDrive\Bureau\CEU\DE2\visuals\Suicide_country.svg' exists and must not be overwritten due to user settings
2020-12-11 13:37:30,092 : WARN  : main :  : Node : Image Writer (Port) : 0:287 : Output file 'C:\Users\mbrae\OneDrive\Bureau\CEU\DE2\visuals\Suicide_age_range.svg' exists and must not be overwritten due to user settings
2020-12-11 13:40:21,241 : WARN  : main :  : Node : Image Writer (Port) : 0:286 : Output file 'C:\Users\mbrae\OneDrive\Bureau\CEU\DE2\visuals\Suicide_country.svg' exists and must not be overwritten due to user settings
2020-12-11 13:41:07,403 : WARN  : main :  : Node : Image Writer (Port) : 0:286 : Output file 'C:\Users\mbrae\OneDrive\Bureau\CEU\DE2\visuals\Suicide_country.svg' exists and must not be overwritten due to user settings
2020-12-11 14:52:09,380 : ERROR : KNIME-Worker-33-Scatter Plot 0:294 :  : AbstractImageWizardNodeModel : Scatter Plot : 0:294 : Initializing view failed: timeout: Timed out receiving message from renderer: 60.000
  (Session info: headless chrome=83.0.4103.116)
Build info: version: 'unknown', revision: 'unknown', time: 'unknown'
System info: host: 'LAPTOP-1N95IF7B', ip: '192.168.1.8', os.name: 'Windows 10', os.arch: 'amd64', os.version: '10.0', java.version: '1.8.0_252'
Driver info: org.openqa.selenium.chrome.ChromeDriver
Capabilities {acceptInsecureCerts: false, browserName: chrome, browserVersion: 83.0.4103.116, chrome: {chromedriverVersion: 83.0.4103.39 (ccbf011cb2d2b..., userDataDir: C:\Users\mbrae\AppData\Loca...}, goog:chromeOptions: {debuggerAddress: localhost:61034}, javascriptEnabled: true, networkConnectionEnabled: false, pageLoadStrategy: normal, platform: WINDOWS, platformName: WINDOWS, proxy: Proxy(), setWindowRect: true, strictFileInteractability: false, timeouts: {implicit: 0, pageLoad: 300000, script: 30000}, unhandledPromptBehavior: dismiss, webauthn:virtualAuthenticators: true}
Session ID: 0d4d32bc2a9fbe8eba6dceda875be0b6
org.openqa.selenium.TimeoutException: timeout: Timed out receiving message from renderer: 60.000
  (Session info: headless chrome=83.0.4103.116)
Build info: version: 'unknown', revision: 'unknown', time: 'unknown'
System info: host: 'LAPTOP-1N95IF7B', ip: '192.168.1.8', os.name: 'Windows 10', os.arch: 'amd64', os.version: '10.0', java.version: '1.8.0_252'
Driver info: org.openqa.selenium.chrome.ChromeDriver
Capabilities {acceptInsecureCerts: false, browserName: chrome, browserVersion: 83.0.4103.116, chrome: {chromedriverVersion: 83.0.4103.39 (ccbf011cb2d2b..., userDataDir: C:\Users\mbrae\AppData\Loca...}, goog:chromeOptions: {debuggerAddress: localhost:61034}, javascriptEnabled: true, networkConnectionEnabled: false, pageLoadStrategy: normal, platform: WINDOWS, platformName: WINDOWS, proxy: Proxy(), setWindowRect: true, strictFileInteractability: false, timeouts: {implicit: 0, pageLoad: 300000, script: 30000}, unhandledPromptBehavior: dismiss, webauthn:virtualAuthenticators: true}
Session ID: 0d4d32bc2a9fbe8eba6dceda875be0b6
	at sun.reflect.NativeConstructorAccessorImpl.newInstance0(Native Method)
	at sun.reflect.NativeConstructorAccessorImpl.newInstance(NativeConstructorAccessorImpl.java:62)
	at sun.reflect.DelegatingConstructorAccessorImpl.newInstance(DelegatingConstructorAccessorImpl.java:45)
	at java.lang.reflect.Constructor.newInstance(Constructor.java:423)
	at org.openqa.selenium.remote.http.W3CHttpResponseCodec.createException(W3CHttpResponseCodec.java:187)
	at org.openqa.selenium.remote.http.W3CHttpResponseCodec.decode(W3CHttpResponseCodec.java:122)
	at org.openqa.selenium.remote.http.W3CHttpResponseCodec.decode(W3CHttpResponseCodec.java:49)
	at org.openqa.selenium.remote.HttpCommandExecutor.execute(HttpCommandExecutor.java:158)
	at org.openqa.selenium.remote.service.DriverCommandExecutor.execute(DriverCommandExecutor.java:83)
	at org.openqa.selenium.remote.RemoteWebDriver.execute(RemoteWebDriver.java:543)
	at org.openqa.selenium.remote.RemoteWebDriver$RemoteTargetLocator.frame(RemoteWebDriver.java:883)
	at org.knime.ext.seleniumdrivers.multios.ChromeImageGenerator.generateView(ChromeImageGenerator.java:250)
	at org.knime.js.core.node.AbstractImageWizardNodeModel.renderViewAndCreateImage(AbstractImageWizardNodeModel.java:148)
	at org.knime.js.core.node.AbstractImageWizardNodeModel.performExecute(AbstractImageWizardNodeModel.java:106)
	at org.knime.js.core.node.AbstractWizardNodeModel.execute(AbstractWizardNodeModel.java:136)
	at org.knime.core.node.NodeModel.executeModel(NodeModel.java:576)
	at org.knime.core.node.Node.invokeFullyNodeModelExecute(Node.java:1236)
	at org.knime.core.node.Node.execute(Node.java:1016)
	at org.knime.core.node.workflow.NativeNodeContainer.performExecuteNode(NativeNodeContainer.java:558)
	at org.knime.core.node.exec.LocalNodeExecutionJob.mainExecute(LocalNodeExecutionJob.java:95)
	at org.knime.core.node.workflow.NodeExecutionJob.internalRun(NodeExecutionJob.java:201)
	at org.knime.core.node.workflow.NodeExecutionJob.run(NodeExecutionJob.java:117)
	at org.knime.core.util.ThreadUtils$RunnableWithContextImpl.runWithContext(ThreadUtils.java:334)
	at org.knime.core.util.ThreadUtils$RunnableWithContext.run(ThreadUtils.java:210)
	at java.util.concurrent.Executors$RunnableAdapter.call(Executors.java:511)
	at java.util.concurrent.FutureTask.run(FutureTask.java:266)
	at org.knime.core.util.ThreadPool$MyFuture.run(ThreadPool.java:123)
	at org.knime.core.util.ThreadPool$Worker.run(ThreadPool.java:246)
2020-12-11 14:52:09,384 : ERROR : KNIME-Worker-33-Scatter Plot 0:294 :  : AbstractImageWizardNodeModel : Scatter Plot : 0:294 : Retrieving image from view failed: Error retrieving image: Chrome driver was not initialized. Could not retrieve image.
java.io.IOException: Error retrieving image: Chrome driver was not initialized. Could not retrieve image.
	at org.knime.ext.seleniumdrivers.multios.ChromeImageGenerator.retrieveImage(ChromeImageGenerator.java:319)
	at org.knime.js.core.node.AbstractImageWizardNodeModel.renderViewAndCreateImage(AbstractImageWizardNodeModel.java:174)
	at org.knime.js.core.node.AbstractImageWizardNodeModel.performExecute(AbstractImageWizardNodeModel.java:106)
	at org.knime.js.core.node.AbstractWizardNodeModel.execute(AbstractWizardNodeModel.java:136)
	at org.knime.core.node.NodeModel.executeModel(NodeModel.java:576)
	at org.knime.core.node.Node.invokeFullyNodeModelExecute(Node.java:1236)
	at org.knime.core.node.Node.execute(Node.java:1016)
	at org.knime.core.node.workflow.NativeNodeContainer.performExecuteNode(NativeNodeContainer.java:558)
	at org.knime.core.node.exec.LocalNodeExecutionJob.mainExecute(LocalNodeExecutionJob.java:95)
	at org.knime.core.node.workflow.NodeExecutionJob.internalRun(NodeExecutionJob.java:201)
	at org.knime.core.node.workflow.NodeExecutionJob.run(NodeExecutionJob.java:117)
	at org.knime.core.util.ThreadUtils$RunnableWithContextImpl.runWithContext(ThreadUtils.java:334)
	at org.knime.core.util.ThreadUtils$RunnableWithContext.run(ThreadUtils.java:210)
	at java.util.concurrent.Executors$RunnableAdapter.call(Executors.java:511)
	at java.util.concurrent.FutureTask.run(FutureTask.java:266)
	at org.knime.core.util.ThreadPool$MyFuture.run(ThreadPool.java:123)
	at org.knime.core.util.ThreadPool$Worker.run(ThreadPool.java:246)
Caused by: org.knime.ext.seleniumdrivers.multios.SeleniumViewException: Chrome driver was not initialized. Could not retrieve image.
	at org.knime.ext.seleniumdrivers.multios.ChromeImageGenerator.retrieveImage(ChromeImageGenerator.java:299)
	... 16 more
2020-12-11 15:16:20,868 : WARN  : ModalContext :  : WorkflowManager :  :  : Workflow contains nodes with duplicate parameter name (will be made unique by appending node IDs): "json-output"
2020-12-11 15:19:57,822 : ERROR : main :  : WindowsDefenderExceptionHandler :  :  : PowerShell command powershell -inputformat none -outputformat text -NonInteractive -Command Get-MpComputerStatus -ErrorAction Stop | select -ExpandProperty AMServiceEnabled did not terminate successfully.
2020-12-11 15:19:57,823 : ERROR : main :  : WindowsDefenderExceptionHandler :  :  : Stderr is:
2020-12-11 15:19:57,823 : ERROR : main :  : WindowsDefenderExceptionHandler :  :  : Get-MpComputerStatus : Operation failed with the following error: 0x800106ba
2020-12-11 15:19:57,823 : ERROR : main :  : WindowsDefenderExceptionHandler :  :  : At line:1 char:1
2020-12-11 15:19:57,823 : ERROR : main :  : WindowsDefenderExceptionHandler :  :  : + Get-MpComputerStatus -ErrorAction Stop | select -ExpandProperty AMSer ...
2020-12-11 15:19:57,823 : ERROR : main :  : WindowsDefenderExceptionHandler :  :  : + ~~~~~~~~~~~~~~~~~~~~~~~~~~~~~~~~~~~~~~
2020-12-11 15:19:57,824 : ERROR : main :  : WindowsDefenderExceptionHandler :  :  :     + CategoryInfo          : NotSpecified: (MSFT_MpComputerStatus:ROOT\Microsoft\...pComputerStatus) [Get-MpComputerS 
2020-12-11 15:19:57,824 : ERROR : main :  : WindowsDefenderExceptionHandler :  :  :    tatus], CimException
2020-12-11 15:19:57,824 : ERROR : main :  : WindowsDefenderExceptionHandler :  :  :     + FullyQualifiedErrorId : HRESULT 0x800106ba,Get-MpComputerStatus
2020-12-11 15:19:57,824 : ERROR : main :  : WindowsDefenderExceptionHandler :  :  :  
2020-12-11 15:20:15,203 : WARN  : ModalContext :  : Node : MySQL Connector : 0:4 : DB Connection no longer available. Go to advanced settings to enable connection restoration.
2020-12-11 15:20:16,352 : WARN  : ModalContext :  : Node : Container Output (JSON) : 0:224 : Selected column 'rest_countries_api_response' does not exist
2020-12-11 15:20:16,682 : WARN  : ModalContext :  : Node : CSV Writer : 0:295 : Directory 'C:\Users\Dominik\OneDrive - Central European University\1st_trimester\DE2\DE2_Term_Project\data\output' of output file does not exist
2020-12-11 15:20:17,662 : WARN  : ModalContext :  : Node : Image Writer (Port) : 0:286 : Output file 'C:\Users\mbrae\OneDrive\Bureau\CEU\DE2\visuals\Suicide_country.svg' exists and must not be overwritten due to user settings
2020-12-11 15:20:17,670 : WARN  : ModalContext :  : Node : Image Writer (Port) : 0:287 : Output file 'C:\Users\mbrae\OneDrive\Bureau\CEU\DE2\visuals\Suicide_age_range.svg' exists and must not be overwritten due to user settings
2020-12-11 15:20:17,841 : WARN  : ModalContext :  : Node : Image Writer (Port) : 0:276 : Output file 'C:\Users\mbrae\OneDrive\Bureau\CEU\DE2\visuals\UER_suicide_female.svg' exists and must not be overwritten due to user settings
2020-12-11 15:20:17,873 : WARN  : ModalContext :  : Node : Image Writer (Port) : 0:291 : Output file 'C:\Users\mbrae\OneDrive\Bureau\CEU\DE2\visuals\UER_suicide_male_.svg' exists and must not be overwritten due to user settings
2020-12-11 15:20:17,879 : WARN  : ModalContext :  : Node : Image Writer (Port) : 0:282 : Output file 'C:\Users\mbrae\OneDrive\Bureau\CEU\DE2\visuals\Smoking_suicide_male.svg' exists and must not be overwritten due to user settings
2020-12-11 15:20:17,889 : WARN  : ModalContext :  : Node : Image Writer (Port) : 0:277 : Output file 'C:\Users\mbrae\OneDrive\Bureau\CEU\DE2\visuals\alcohol_suicide_female.svg' exists and must not be overwritten due to user settings
2020-12-11 15:24:38,555 : ERROR : ModalContext :  : Node : MySQL Connector : 0:4 : Unable to save internals: <no details available>
java.lang.NullPointerException
	at org.knime.database.node.connector.DBSessionInternalsSerializer.saveToInternals(DBSessionInternalsSerializer.java:125)
	at org.knime.database.node.connector.AbstractDBConnectorNodeModel.saveAdditionalInternals(AbstractDBConnectorNodeModel.java:297)
	at org.knime.database.node.DBNodeModel.saveInternals(DBNodeModel.java:136)
	at org.knime.core.node.Node.saveInternals(Node.java:2341)
	at org.knime.core.node.FileNodePersistor.saveNodeInternDirectory(FileNodePersistor.java:1462)
	at org.knime.core.node.FileNodePersistor.save(FileNodePersistor.java:1188)
	at org.knime.core.node.workflow.FileNativeNodeContainerPersistor.save(FileNativeNodeContainerPersistor.java:518)
	at org.knime.core.node.workflow.FileSingleNodeContainerPersistor.save(FileSingleNodeContainerPersistor.java:598)
	at org.knime.core.node.workflow.FileWorkflowPersistor.saveNodeContainer(FileWorkflowPersistor.java:2175)
	at org.knime.core.node.workflow.FileWorkflowPersistor.saveContent(FileWorkflowPersistor.java:1930)
	at org.knime.core.node.workflow.FileWorkflowPersistor.save(FileWorkflowPersistor.java:1844)
	at org.knime.core.node.workflow.WorkflowManager.save(WorkflowManager.java:8673)
	at org.knime.workbench.editor2.InplaceSaveRunnable.save(InplaceSaveRunnable.java:92)
	at org.knime.workbench.editor2.AbstractSaveRunnable.run(AbstractSaveRunnable.java:103)
	at org.eclipse.jface.operation.ModalContext$ModalContextThread.run(ModalContext.java:122)
2020-12-11 15:24:39,102 : WARN  : ModalContext :  : WorkflowManager :  :  : Workflow contains nodes with duplicate parameter name (will be made unique by appending node IDs): "json-output"
2020-12-11 15:31:10,860 : ERROR : main :  : WindowsDefenderExceptionHandler :  :  : PowerShell command powershell -inputformat none -outputformat text -NonInteractive -Command Get-MpComputerStatus -ErrorAction Stop | select -ExpandProperty AMServiceEnabled did not terminate successfully.
2020-12-11 15:31:10,861 : ERROR : main :  : WindowsDefenderExceptionHandler :  :  : Stderr is:
2020-12-11 15:31:10,861 : ERROR : main :  : WindowsDefenderExceptionHandler :  :  : Get-MpComputerStatus : Operation failed with the following error: 0x800106ba
2020-12-11 15:31:10,862 : ERROR : main :  : WindowsDefenderExceptionHandler :  :  : At line:1 char:1
2020-12-11 15:31:10,862 : ERROR : main :  : WindowsDefenderExceptionHandler :  :  : + Get-MpComputerStatus -ErrorAction Stop | select -ExpandProperty AMSer ...
2020-12-11 15:31:10,862 : ERROR : main :  : WindowsDefenderExceptionHandler :  :  : + ~~~~~~~~~~~~~~~~~~~~~~~~~~~~~~~~~~~~~~
2020-12-11 15:31:10,862 : ERROR : main :  : WindowsDefenderExceptionHandler :  :  :     + CategoryInfo          : NotSpecified: (MSFT_MpComputerStatus:ROOT\Microsoft\...pComputerStatus) [Get-MpComputerS 
2020-12-11 15:31:10,862 : ERROR : main :  : WindowsDefenderExceptionHandler :  :  :    tatus], CimException
2020-12-11 15:31:10,862 : ERROR : main :  : WindowsDefenderExceptionHandler :  :  :     + FullyQualifiedErrorId : HRESULT 0x800106ba,Get-MpComputerStatus
2020-12-11 15:31:10,862 : ERROR : main :  : WindowsDefenderExceptionHandler :  :  :  
2020-12-11 15:31:26,404 : WARN  : ModalContext :  : Node : MySQL Connector : 0:4 : DB Connection no longer available. Go to advanced settings to enable connection restoration.
2020-12-11 15:31:27,109 : WARN  : ModalContext :  : Node : Container Output (JSON) : 0:224 : Selected column 'rest_countries_api_response' does not exist
2020-12-11 15:31:28,360 : WARN  : ModalContext :  : Node : CSV Writer : 0:295 : Directory 'C:\Users\Dominik\OneDrive - Central European University\1st_trimester\DE2\DE2_Term_Project\data\output' of output file does not exist
2020-12-11 15:31:30,403 : WARN  : ModalContext :  : Node : Image Writer (Port) : 0:286 : Output file 'C:\Users\mbrae\OneDrive\Bureau\CEU\DE2\visuals\Suicide_country.svg' exists and must not be overwritten due to user settings
2020-12-11 15:31:30,411 : WARN  : ModalContext :  : Node : Image Writer (Port) : 0:287 : Output file 'C:\Users\mbrae\OneDrive\Bureau\CEU\DE2\visuals\Suicide_age_range.svg' exists and must not be overwritten due to user settings
2020-12-11 15:31:30,607 : WARN  : ModalContext :  : Node : Image Writer (Port) : 0:276 : Output file 'C:\Users\mbrae\OneDrive\Bureau\CEU\DE2\visuals\UER_suicide_female.svg' exists and must not be overwritten due to user settings
2020-12-11 15:31:30,643 : WARN  : ModalContext :  : Node : Image Writer (Port) : 0:291 : Output file 'C:\Users\mbrae\OneDrive\Bureau\CEU\DE2\visuals\UER_suicide_male_.svg' exists and must not be overwritten due to user settings
2020-12-11 15:31:30,650 : WARN  : ModalContext :  : Node : Image Writer (Port) : 0:282 : Output file 'C:\Users\mbrae\OneDrive\Bureau\CEU\DE2\visuals\Smoking_suicide_male.svg' exists and must not be overwritten due to user settings
2020-12-11 15:31:30,660 : WARN  : ModalContext :  : Node : Image Writer (Port) : 0:277 : Output file 'C:\Users\mbrae\OneDrive\Bureau\CEU\DE2\visuals\alcohol_suicide_female.svg' exists and must not be overwritten due to user settings
2020-12-11 15:31:33,865 : WARN  : ModalContext :  : Node : MySQL Connector : 3:4 : DB Connection no longer available. Go to advanced settings to enable connection restoration.
2020-12-11 15:31:34,757 : WARN  : ModalContext :  : WorkflowManager :  :  : Workflow contains nodes with duplicate parameter name (will be made unique by appending node IDs): "json-output"
2020-12-11 15:37:14,466 : ERROR : main :  : WindowsDefenderExceptionHandler :  :  : PowerShell command powershell -inputformat none -outputformat text -NonInteractive -Command Get-MpComputerStatus -ErrorAction Stop | select -ExpandProperty AMServiceEnabled did not terminate successfully.
2020-12-11 15:37:14,467 : ERROR : main :  : WindowsDefenderExceptionHandler :  :  : Stderr is:
2020-12-11 15:37:14,468 : ERROR : main :  : WindowsDefenderExceptionHandler :  :  : Get-MpComputerStatus : Operation failed with the following error: 0x800106ba
2020-12-11 15:37:14,468 : ERROR : main :  : WindowsDefenderExceptionHandler :  :  : At line:1 char:1
2020-12-11 15:37:14,468 : ERROR : main :  : WindowsDefenderExceptionHandler :  :  : + Get-MpComputerStatus -ErrorAction Stop | select -ExpandProperty AMSer ...
2020-12-11 15:37:14,468 : ERROR : main :  : WindowsDefenderExceptionHandler :  :  : + ~~~~~~~~~~~~~~~~~~~~~~~~~~~~~~~~~~~~~~
2020-12-11 15:37:14,468 : ERROR : main :  : WindowsDefenderExceptionHandler :  :  :     + CategoryInfo          : NotSpecified: (MSFT_MpComputerStatus:ROOT\Microsoft\...pComputerStatus) [Get-MpComputerS 
2020-12-11 15:37:14,468 : ERROR : main :  : WindowsDefenderExceptionHandler :  :  :    tatus], CimException
2020-12-11 15:37:14,468 : ERROR : main :  : WindowsDefenderExceptionHandler :  :  :     + FullyQualifiedErrorId : HRESULT 0x800106ba,Get-MpComputerStatus
2020-12-11 15:37:14,469 : ERROR : main :  : WindowsDefenderExceptionHandler :  :  :  
2020-12-11 15:37:31,647 : WARN  : ModalContext :  : Node : MySQL Connector : 0:4 : DB Connection no longer available. Go to advanced settings to enable connection restoration.
2020-12-11 15:37:32,514 : WARN  : ModalContext :  : Node : Container Output (JSON) : 0:224 : Selected column 'rest_countries_api_response' does not exist
2020-12-11 15:37:32,780 : WARN  : ModalContext :  : Node : CSV Writer : 0:295 : Directory 'C:\Users\Dominik\OneDrive - Central European University\1st_trimester\DE2\DE2_Term_Project\data\output' of output file does not exist
2020-12-11 15:37:34,469 : WARN  : ModalContext :  : Node : Image Writer (Port) : 0:286 : Output file 'C:\Users\mbrae\OneDrive\Bureau\CEU\DE2\visuals\Suicide_country.svg' exists and must not be overwritten due to user settings
2020-12-11 15:37:34,479 : WARN  : ModalContext :  : Node : Image Writer (Port) : 0:287 : Output file 'C:\Users\mbrae\OneDrive\Bureau\CEU\DE2\visuals\Suicide_age_range.svg' exists and must not be overwritten due to user settings
2020-12-11 15:37:34,793 : WARN  : ModalContext :  : Node : Image Writer (Port) : 0:276 : Output file 'C:\Users\mbrae\OneDrive\Bureau\CEU\DE2\visuals\UER_suicide_female.svg' exists and must not be overwritten due to user settings
2020-12-11 15:37:34,825 : WARN  : ModalContext :  : Node : Image Writer (Port) : 0:291 : Output file 'C:\Users\mbrae\OneDrive\Bureau\CEU\DE2\visuals\UER_suicide_male_.svg' exists and must not be overwritten due to user settings
2020-12-11 15:37:34,832 : WARN  : ModalContext :  : Node : Image Writer (Port) : 0:282 : Output file 'C:\Users\mbrae\OneDrive\Bureau\CEU\DE2\visuals\Smoking_suicide_male.svg' exists and must not be overwritten due to user settings
2020-12-11 15:37:34,843 : WARN  : ModalContext :  : Node : Image Writer (Port) : 0:277 : Output file 'C:\Users\mbrae\OneDrive\Bureau\CEU\DE2\visuals\alcohol_suicide_female.svg' exists and must not be overwritten due to user settings
2020-12-11 15:37:59,474 : WARN  : ModalContext :  : WorkflowManager :  :  : Workflow contains nodes with duplicate parameter name (will be made unique by appending node IDs): "json-output"
